<?xml version="1.0" encoding="UTF-8"?>
<coverage generated="1783224845109" clover="3.2.0">
  <project timestamp="1783224845109" name="All files">
    <metrics statements="54" coveredstatements="54" conditionals="33" coveredconditionals="25" methods="25" coveredmethods="25" elements="112" coveredelements="104" complexity="0" loc="54" ncloc="54" packages="3" files="6" classes="6"/>
    <package name="components.presentational.notes">
      <metrics statements="38" coveredstatements="38" conditionals="31" coveredconditionals="24" methods="16" coveredmethods="16"/>
      <file name="CreateNoteDrawer.tsx" path="/Users/sagarpansare/Documents/notes-app/frontend/src/components/presentational/notes/CreateNoteDrawer.tsx">
        <metrics statements="11" coveredstatements="11" conditionals="9" coveredconditionals="7" methods="3" coveredmethods="3"/>
        <line num="1" count="1" type="stmt"/>
        <line num="19" count="5" type="stmt"/>
        <line num="21" count="5" type="stmt"/>
        <line num="22" count="3" type="cond" truecount="1" falsecount="1"/>
        <line num="23" count="3" type="cond" truecount="1" falsecount="1"/>
        <line num="24" count="3" type="cond" truecount="2" falsecount="0"/>
        <line num="25" count="2" type="stmt"/>
        <line num="26" count="2" type="cond" truecount="2" falsecount="0"/>
        <line num="29" count="2" type="stmt"/>
        <line num="32" count="5" type="stmt"/>
        <line num="45" count="3" type="stmt"/>
      </file>
      <file name="NoteForm.tsx" path="/Users/sagarpansare/Documents/notes-app/frontend/src/components/presentational/notes/NoteForm.tsx">
        <metrics statements="27" coveredstatements="27" conditionals="22" coveredconditionals="17" methods="13" coveredmethods="13"/>
        <line num="1" count="2" type="stmt"/>
        <line num="19" count="31" type="stmt"/>
        <line num="27" count="31" type="stmt"/>
        <line num="38" count="31" type="stmt"/>
        <line num="39" count="13" type="cond" truecount="2" falsecount="0"/>
        <line num="43" count="31" type="stmt"/>
        <line num="44" count="10" type="cond" truecount="2" falsecount="0"/>
        <line num="45" count="6" type="stmt"/>
        <line num="49" count="31" type="stmt"/>
        <line num="54" count="3" type="cond" truecount="1" falsecount="1"/>
        <line num="55" count="3" type="stmt"/>
        <line num="56" count="3" type="stmt"/>
        <line num="57" count="3" type="cond" truecount="4" falsecount="0"/>
        <line num="58" count="2" type="stmt"/>
        <line num="60" count="3" type="stmt"/>
        <line num="64" count="31" type="stmt"/>
        <line num="69" count="2" type="stmt"/>
        <line num="72" count="31" type="stmt"/>
        <line num="73" count="1" type="stmt"/>
        <line num="76" count="31" type="stmt"/>
        <line num="90" count="32" type="stmt"/>
        <line num="103" count="32" type="stmt"/>
        <line num="104" count="32" type="stmt"/>
        <line num="119" count="9" type="stmt"/>
        <line num="126" count="1" type="stmt"/>
        <line num="137" count="3" type="stmt"/>
        <line num="138" count="3" type="stmt"/>
      </file>
      <file name="index.ts" path="/Users/sagarpansare/Documents/notes-app/frontend/src/components/presentational/notes/index.ts">
        <metrics statements="0" coveredstatements="0" conditionals="0" coveredconditionals="0" methods="0" coveredmethods="0"/>
      </file>
    </package>
    <package name="hooks">
      <metrics statements="14" coveredstatements="14" conditionals="2" coveredconditionals="1" methods="8" coveredmethods="8"/>
      <file name="use-create-note.ts" path="/Users/sagarpansare/Documents/notes-app/frontend/src/hooks/use-create-note.ts">
        <metrics statements="10" coveredstatements="10" conditionals="2" coveredconditionals="1" methods="4" coveredmethods="4"/>
        <line num="7" count="4" type="stmt"/>
        <line num="9" count="4" type="stmt"/>
        <line num="10" count="2" type="stmt"/>
        <line num="12" count="1" type="stmt"/>
        <line num="13" count="1" type="stmt"/>
        <line num="14" count="1" type="stmt"/>
        <line num="16" count="1" type="stmt"/>
        <line num="17" count="1" type="stmt"/>
        <line num="20" count="1" type="cond" truecount="1" falsecount="1"/>
        <line num="21" count="1" type="stmt"/>
      </file>
      <file name="use-ui-store.ts" path="/Users/sagarpansare/Documents/notes-app/frontend/src/hooks/use-ui-store.ts">
        <metrics statements="4" coveredstatements="4" conditionals="0" coveredconditionals="0" methods="4" coveredmethods="4"/>
        <line num="10" count="1" type="stmt"/>
        <line num="12" count="2" type="stmt"/>
        <line num="13" count="1" type="stmt"/>
        <line num="14" count="2" type="stmt"/>
      </file>
    </package>
    <package name="services">
      <metrics statements="2" coveredstatements="2" conditionals="0" coveredconditionals="0" methods="1" coveredmethods="1"/>
      <file name="note-api.ts" path="/Users/sagarpansare/Documents/notes-app/frontend/src/services/note-api.ts">
        <metrics statements="2" coveredstatements="2" conditionals="0" coveredconditionals="0" methods="1" coveredmethods="1"/>
        <line num="5" count="1" type="stmt"/>
        <line num="6" count="1" type="stmt"/>
      </file>
    </package>
  </project>
</coverage>
