<?xml version="1.0" encoding="UTF-8"?>
<coverage generated="1783226761450" clover="3.2.0">
  <project timestamp="1783226761450" name="All files">
    <metrics statements="128" coveredstatements="111" conditionals="95" coveredconditionals="58" methods="65" coveredmethods="56" elements="288" coveredelements="225" complexity="0" loc="128" ncloc="128" packages="3" files="12" classes="12"/>
    <package name="components.presentational.notes">
      <metrics statements="78" coveredstatements="65" conditionals="76" coveredconditionals="47" methods="41" coveredmethods="34"/>
      <file name="CreateNoteDrawer.tsx" path="/Users/sagarpansare/Documents/notes-app/frontend/src/components/presentational/notes/CreateNoteDrawer.tsx">
        <metrics statements="11" coveredstatements="11" conditionals="9" coveredconditionals="7" methods="3" coveredmethods="3"/>
        <line num="1" count="1" type="stmt"/>
        <line num="19" count="5" type="stmt"/>
        <line num="21" count="5" type="stmt"/>
        <line num="22" count="3" type="cond" truecount="1" falsecount="1"/>
        <line num="23" count="3" type="cond" truecount="1" falsecount="1"/>
        <line num="24" count="3" type="cond" truecount="2" falsecount="0"/>
        <line num="25" count="2" type="stmt"/>
        <line num="26" count="2" type="cond" truecount="2" falsecount="0"/>
        <line num="29" count="2" type="stmt"/>
        <line num="32" count="5" type="stmt"/>
        <line num="45" count="3" type="stmt"/>
      </file>
      <file name="NoteCard.tsx" path="/Users/sagarpansare/Documents/notes-app/frontend/src/components/presentational/notes/NoteCard.tsx">
        <metrics statements="12" coveredstatements="11" conditionals="12" coveredconditionals="10" methods="7" coveredmethods="6"/>
        <line num="1" count="1" type="stmt"/>
        <line num="19" count="3" type="cond" truecount="2" falsecount="0"/>
        <line num="20" count="3" type="stmt"/>
        <line num="22" count="3" type="cond" truecount="2" falsecount="0"/>
        <line num="23" count="1" type="stmt"/>
        <line num="39" count="2" type="stmt"/>
        <line num="56" count="2" type="stmt"/>
        <line num="67" count="0" type="stmt"/>
        <line num="80" count="2" type="stmt"/>
        <line num="93" count="10" type="stmt"/>
        <line num="104" count="1" type="stmt"/>
        <line num="121" count="4" type="stmt"/>
      </file>
      <file name="NoteForm.tsx" path="/Users/sagarpansare/Documents/notes-app/frontend/src/components/presentational/notes/NoteForm.tsx">
        <metrics statements="27" coveredstatements="27" conditionals="22" coveredconditionals="17" methods="13" coveredmethods="13"/>
        <line num="1" count="2" type="stmt"/>
        <line num="19" count="31" type="stmt"/>
        <line num="27" count="31" type="stmt"/>
        <line num="37" count="31" type="stmt"/>
        <line num="38" count="13" type="cond" truecount="2" falsecount="0"/>
        <line num="41" count="31" type="stmt"/>
        <line num="42" count="10" type="cond" truecount="2" falsecount="0"/>
        <line num="43" count="6" type="stmt"/>
        <line num="47" count="31" type="stmt"/>
        <line num="52" count="3" type="cond" truecount="1" falsecount="1"/>
        <line num="53" count="3" type="stmt"/>
        <line num="54" count="3" type="stmt"/>
        <line num="55" count="3" type="cond" truecount="4" falsecount="0"/>
        <line num="56" count="2" type="stmt"/>
        <line num="58" count="3" type="stmt"/>
        <line num="62" count="31" type="stmt"/>
        <line num="67" count="2" type="stmt"/>
        <line num="70" count="31" type="stmt"/>
        <line num="71" count="1" type="stmt"/>
        <line num="74" count="31" type="stmt"/>
        <line num="88" count="32" type="stmt"/>
        <line num="101" count="32" type="stmt"/>
        <line num="102" count="32" type="stmt"/>
        <line num="117" count="9" type="stmt"/>
        <line num="124" count="1" type="stmt"/>
        <line num="135" count="3" type="stmt"/>
        <line num="136" count="3" type="stmt"/>
      </file>
      <file name="NoteSkeleton.tsx" path="/Users/sagarpansare/Documents/notes-app/frontend/src/components/presentational/notes/NoteSkeleton.tsx">
        <metrics statements="4" coveredstatements="0" conditionals="3" coveredconditionals="0" methods="1" coveredmethods="0"/>
        <line num="1" count="0" type="stmt"/>
        <line num="8" count="0" type="cond" truecount="0" falsecount="2"/>
        <line num="9" count="0" type="stmt"/>
        <line num="27" count="0" type="stmt"/>
      </file>
      <file name="NotesToolbar.tsx" path="/Users/sagarpansare/Documents/notes-app/frontend/src/components/presentational/notes/NotesToolbar.tsx">
        <metrics statements="24" coveredstatements="16" conditionals="30" coveredconditionals="13" methods="17" coveredmethods="12"/>
        <line num="1" count="1" type="stmt"/>
        <line num="52" count="7" type="stmt"/>
        <line num="54" count="7" type="stmt"/>
        <line num="55" count="6" type="stmt"/>
        <line num="56" count="1" type="stmt"/>
        <line num="58" count="6" type="stmt"/>
        <line num="61" count="7" type="stmt"/>
        <line num="62" count="5" type="stmt"/>
        <line num="65" count="7" type="stmt"/>
        <line num="72" count="1" type="stmt"/>
        <line num="83" count="0" type="cond" truecount="0" falsecount="4"/>
        <line num="87" count="6" type="cond" truecount="1" falsecount="1"/>
        <line num="93" count="14" type="stmt"/>
        <line num="102" count="0" type="cond" truecount="0" falsecount="2"/>
        <line num="106" count="6" type="cond" truecount="1" falsecount="1"/>
        <line num="107" count="0" type="cond" truecount="0" falsecount="2"/>
        <line num="108" count="0" type="cond" truecount="0" falsecount="2"/>
        <line num="109" count="0" type="stmt"/>
        <line num="125" count="1" type="cond" truecount="1" falsecount="1"/>
        <line num="141" count="0" type="stmt"/>
        <line num="153" count="1" type="stmt"/>
        <line num="168" count="11" type="stmt"/>
        <line num="182" count="0" type="stmt"/>
        <line num="188" count="0" type="stmt"/>
      </file>
      <file name="index.ts" path="/Users/sagarpansare/Documents/notes-app/frontend/src/components/presentational/notes/index.ts">
        <metrics statements="0" coveredstatements="0" conditionals="0" coveredconditionals="0" methods="0" coveredmethods="0"/>
      </file>
    </package>
    <package name="hooks">
      <metrics statements="38" coveredstatements="35" conditionals="10" coveredconditionals="4" methods="19" coveredmethods="17"/>
      <file name="use-create-note.ts" path="/Users/sagarpansare/Documents/notes-app/frontend/src/hooks/use-create-note.ts">
        <metrics statements="21" coveredstatements="18" conditionals="8" coveredconditionals="3" methods="8" coveredmethods="6"/>
        <line num="7" count="4" type="stmt"/>
        <line num="9" count="4" type="stmt"/>
        <line num="10" count="2" type="stmt"/>
        <line num="12" count="2" type="stmt"/>
        <line num="14" count="2" type="stmt"/>
        <line num="16" count="2" type="stmt"/>
        <line num="25" count="2" type="stmt"/>
        <line num="26" count="0" type="cond" truecount="0" falsecount="2"/>
        <line num="27" count="0" type="stmt"/>
        <line num="30" count="2" type="stmt"/>
        <line num="33" count="1" type="stmt"/>
        <line num="34" count="1" type="stmt"/>
        <line num="37" count="1" type="stmt"/>
        <line num="38" count="1" type="cond" truecount="1" falsecount="1"/>
        <line num="39" count="1" type="stmt"/>
        <line num="41" count="1" type="cond" truecount="1" falsecount="1"/>
        <line num="42" count="1" type="stmt"/>
        <line num="43" count="0" type="stmt"/>
        <line num="48" count="2" type="stmt"/>
        <line num="49" count="2" type="stmt"/>
        <line num="50" count="2" type="stmt"/>
      </file>
      <file name="use-delete-note.ts" path="/Users/sagarpansare/Documents/notes-app/frontend/src/hooks/use-delete-note.ts">
        <metrics statements="10" coveredstatements="10" conditionals="2" coveredconditionals="1" methods="4" coveredmethods="4"/>
        <line num="6" count="4" type="stmt"/>
        <line num="8" count="4" type="stmt"/>
        <line num="9" count="2" type="stmt"/>
        <line num="11" count="1" type="stmt"/>
        <line num="12" count="1" type="stmt"/>
        <line num="13" count="1" type="stmt"/>
        <line num="14" count="1" type="stmt"/>
        <line num="17" count="1" type="stmt"/>
        <line num="18" count="1" type="cond" truecount="1" falsecount="1"/>
        <line num="19" count="1" type="stmt"/>
      </file>
      <file name="use-notes.ts" path="/Users/sagarpansare/Documents/notes-app/frontend/src/hooks/use-notes.ts">
        <metrics statements="2" coveredstatements="2" conditionals="0" coveredconditionals="0" methods="2" coveredmethods="2"/>
        <line num="5" count="2" type="stmt"/>
        <line num="7" count="1" type="stmt"/>
      </file>
      <file name="use-tags.ts" path="/Users/sagarpansare/Documents/notes-app/frontend/src/hooks/use-tags.ts">
        <metrics statements="1" coveredstatements="1" conditionals="0" coveredconditionals="0" methods="1" coveredmethods="1"/>
        <line num="5" count="2" type="stmt"/>
      </file>
      <file name="use-ui-store.ts" path="/Users/sagarpansare/Documents/notes-app/frontend/src/hooks/use-ui-store.ts">
        <metrics statements="4" coveredstatements="4" conditionals="0" coveredconditionals="0" methods="4" coveredmethods="4"/>
        <line num="10" count="1" type="stmt"/>
        <line num="12" count="2" type="stmt"/>
        <line num="13" count="1" type="stmt"/>
        <line num="14" count="2" type="stmt"/>
      </file>
    </package>
    <package name="services">
      <metrics statements="12" coveredstatements="11" conditionals="9" coveredconditionals="7" methods="5" coveredmethods="5"/>
      <file name="note-api.ts" path="/Users/sagarpansare/Documents/notes-app/frontend/src/services/note-api.ts">
        <metrics statements="12" coveredstatements="11" conditionals="9" coveredconditionals="7" methods="5" coveredmethods="5"/>
        <line num="21" count="4" type="stmt"/>
        <line num="22" count="4" type="stmt"/>
        <line num="24" count="0" type="cond" truecount="3" falsecount="2"/>
        <line num="25" count="1" type="stmt"/>
        <line num="27" count="3" type="cond" truecount="2" falsecount="0"/>
        <line num="31" count="2" type="stmt"/>
        <line num="32" count="2" type="cond" truecount="2" falsecount="0"/>
        <line num="36" count="1" type="stmt"/>
        <line num="37" count="1" type="stmt"/>
        <line num="41" count="1" type="stmt"/>
        <line num="45" count="1" type="stmt"/>
        <line num="49" count="1" type="stmt"/>
      </file>
    </package>
  </project>
</coverage>
