{"/Users/sagarpansare/Documents/notes-app/frontend/src/components/presentational/notes/CreateNoteDrawer.tsx": {"path":"/Users/sagarpansare/Documents/notes-app/frontend/src/components/presentational/notes/CreateNoteDrawer.tsx","statementMap":{"0":{"start":{"line":1,"column":9},"end":{"line":1,"column":null}},"1":{"start":{"line":1,"column":25},"end":{"line":1,"column":null}},"2":{"start":{"line":19,"column":32},"end":{"line":19,"column":null}},"3":{"start":{"line":21,"column":8},"end":{"line":30,"column":null}},"4":{"start":{"line":22,"column":4},"end":{"line":28,"column":null}},"5":{"start":{"line":23,"column":6},"end":{"line":23,"column":null}},"6":{"start":{"line":23,"column":21},"end":{"line":23,"column":null}},"7":{"start":{"line":24,"column":6},"end":{"line":27,"column":null}},"8":{"start":{"line":25,"column":29},"end":{"line":25,"column":null}},"9":{"start":{"line":26,"column":8},"end":{"line":26,"column":null}},"10":{"start":{"line":26,"column":27},"end":{"line":26,"column":null}},"11":{"start":{"line":29,"column":4},"end":{"line":29,"column":null}},"12":{"start":{"line":32,"column":2},"end":{"line":52,"column":null}},"13":{"start":{"line":45,"column":28},"end":{"line":45,"column":null}}},"fnMap":{"0":{"name":"CreateNoteDrawer","decl":{"start":{"line":18,"column":16},"end":{"line":18,"column":33}},"loc":{"start":{"line":18,"column":109},"end":{"line":54,"column":null}},"line":18},"1":{"name":"(anonymous_1)","decl":{"start":{"line":21,"column":8},"end":{"line":21,"column":28}},"loc":{"start":{"line":21,"column":49},"end":{"line":30,"column":null}},"line":21},"2":{"name":"(anonymous_2)","decl":{"start":{"line":45,"column":12},"end":{"line":45,"column":28}},"loc":{"start":{"line":45,"column":28},"end":{"line":45,"column":null}},"line":45}},"branchMap":{"0":{"loc":{"start":{"line":18,"column":65},"end":{"line":18,"column":109}},"type":"default-arg","locations":[{"start":{"line":18,"column":77},"end":{"line":18,"column":109}}],"line":18},"1":{"loc":{"start":{"line":22,"column":4},"end":{"line":28,"column":null}},"type":"if","locations":[{"start":{"line":22,"column":4},"end":{"line":28,"column":null}},{"start":{},"end":{}}],"line":22},"2":{"loc":{"start":{"line":23,"column":6},"end":{"line":23,"column":null}},"type":"if","locations":[{"start":{"line":23,"column":6},"end":{"line":23,"column":null}},{"start":{},"end":{}}],"line":23},"3":{"loc":{"start":{"line":24,"column":6},"end":{"line":27,"column":null}},"type":"if","locations":[{"start":{"line":24,"column":6},"end":{"line":27,"column":null}},{"start":{},"end":{}}],"line":24},"4":{"loc":{"start":{"line":26,"column":8},"end":{"line":26,"column":null}},"type":"if","locations":[{"start":{"line":26,"column":8},"end":{"line":26,"column":null}},{"start":{},"end":{}}],"line":26}},"s":{"0":1,"1":1,"2":5,"3":5,"4":3,"5":3,"6":0,"7":3,"8":2,"9":2,"10":1,"11":2,"12":5,"13":3},"f":{"0":5,"1":3,"2":3},"b":{"0":[5],"1":[3,0],"2":[0,3],"3":[2,1],"4":[1,1]},"meta":{"lastBranch":5,"lastFunction":3,"lastStatement":14,"seen":{"s:1:9:1:Infinity":0,"s:1:25:1:Infinity":1,"f:18:16:18:33":0,"b:18:77:18:109":0,"s:19:32:19:Infinity":2,"s:21:8:30:Infinity":3,"f:21:8:21:28":1,"b:22:4:28:Infinity:undefined:undefined:undefined:undefined":1,"s:22:4:28:Infinity":4,"b:23:6:23:Infinity:undefined:undefined:undefined:undefined":2,"s:23:6:23:Infinity":5,"s:23:21:23:Infinity":6,"b:24:6:27:Infinity:undefined:undefined:undefined:undefined":3,"s:24:6:27:Infinity":7,"s:25:29:25:Infinity":8,"b:26:8:26:Infinity:undefined:undefined:undefined:undefined":4,"s:26:8:26:Infinity":9,"s:26:27:26:Infinity":10,"s:29:4:29:Infinity":11,"s:32:2:52:Infinity":12,"f:45:12:45:28":2,"s:45:28:45:Infinity":13},"fnNames":{}}}
,"/Users/sagarpansare/Documents/notes-app/frontend/src/components/presentational/notes/NoteForm.tsx": {"path":"/Users/sagarpansare/Documents/notes-app/frontend/src/components/presentational/notes/NoteForm.tsx","statementMap":{"0":{"start":{"line":1,"column":7},"end":{"line":1,"column":43}},"1":{"start":{"line":1,"column":43},"end":{"line":1,"column":null}},"2":{"start":{"line":19,"column":34},"end":{"line":19,"column":null}},"3":{"start":{"line":27,"column":6},"end":{"line":35,"column":null}},"4":{"start":{"line":38,"column":2},"end":{"line":40,"column":null}},"5":{"start":{"line":39,"column":4},"end":{"line":39,"column":null}},"6":{"start":{"line":43,"column":2},"end":{"line":47,"column":null}},"7":{"start":{"line":44,"column":4},"end":{"line":46,"column":null}},"8":{"start":{"line":45,"column":6},"end":{"line":45,"column":null}},"9":{"start":{"line":49,"column":8},"end":{"line":62,"column":null}},"10":{"start":{"line":54,"column":4},"end":{"line":61,"column":null}},"11":{"start":{"line":55,"column":6},"end":{"line":55,"column":null}},"12":{"start":{"line":56,"column":20},"end":{"line":56,"column":null}},"13":{"start":{"line":57,"column":6},"end":{"line":59,"column":null}},"14":{"start":{"line":58,"column":8},"end":{"line":58,"column":null}},"15":{"start":{"line":60,"column":6},"end":{"line":60,"column":null}},"16":{"start":{"line":64,"column":8},"end":{"line":70,"column":null}},"17":{"start":{"line":69,"column":4},"end":{"line":69,"column":null}},"18":{"start":{"line":69,"column":32},"end":{"line":69,"column":49}},"19":{"start":{"line":72,"column":23},"end":{"line":74,"column":null}},"20":{"start":{"line":73,"column":4},"end":{"line":73,"column":null}},"21":{"start":{"line":76,"column":2},"end":{"line":172,"column":null}},"22":{"start":{"line":90,"column":10},"end":{"line":95,"column":null}},"23":{"start":{"line":103,"column":30},"end":{"line":103,"column":null}},"24":{"start":{"line":104,"column":10},"end":{"line":148,"column":null}},"25":{"start":{"line":119,"column":18},"end":{"line":131,"column":null}},"26":{"start":{"line":126,"column":37},"end":{"line":126,"column":null}},"27":{"start":{"line":137,"column":35},"end":{"line":137,"column":null}},"28":{"start":{"line":138,"column":36},"end":{"line":138,"column":null}}},"fnMap":{"0":{"name":"NoteForm","decl":{"start":{"line":18,"column":16},"end":{"line":18,"column":25}},"loc":{"start":{"line":18,"column":104},"end":{"line":174,"column":null}},"line":18},"1":{"name":"(anonymous_1)","decl":{"start":{"line":38,"column":2},"end":{"line":38,"column":18}},"loc":{"start":{"line":38,"column":18},"end":{"line":40,"column":5}},"line":38},"2":{"name":"(anonymous_2)","decl":{"start":{"line":43,"column":2},"end":{"line":43,"column":18}},"loc":{"start":{"line":43,"column":18},"end":{"line":47,"column":5}},"line":43},"3":{"name":"(anonymous_3)","decl":{"start":{"line":49,"column":8},"end":{"line":49,"column":null}},"loc":{"start":{"line":53,"column":7},"end":{"line":62,"column":null}},"line":53},"4":{"name":"(anonymous_4)","decl":{"start":{"line":64,"column":8},"end":{"line":64,"column":null}},"loc":{"start":{"line":68,"column":7},"end":{"line":70,"column":null}},"line":68},"5":{"name":"(anonymous_5)","decl":{"start":{"line":69,"column":18},"end":{"line":69,"column":26}},"loc":{"start":{"line":69,"column":32},"end":{"line":69,"column":49}},"line":69},"6":{"name":"(anonymous_6)","decl":{"start":{"line":72,"column":23},"end":{"line":72,"column":37}},"loc":{"start":{"line":72,"column":46},"end":{"line":74,"column":3}},"line":72},"7":{"name":"(anonymous_7)","decl":{"start":{"line":89,"column":8},"end":{"line":89,"column":17}},"loc":{"start":{"line":90,"column":10},"end":{"line":95,"column":null}},"line":90},"8":{"name":"(anonymous_8)","decl":{"start":{"line":102,"column":8},"end":{"line":102,"column":17}},"loc":{"start":{"line":102,"column":65},"end":{"line":150,"column":null}},"line":102},"9":{"name":"(anonymous_9)","decl":{"start":{"line":118,"column":29},"end":{"line":118,"column":34}},"loc":{"start":{"line":119,"column":18},"end":{"line":131,"column":null}},"line":119},"10":{"name":"(anonymous_10)","decl":{"start":{"line":126,"column":22},"end":{"line":126,"column":37}},"loc":{"start":{"line":126,"column":37},"end":{"line":126,"column":null}},"line":126},"11":{"name":"(anonymous_11)","decl":{"start":{"line":137,"column":18},"end":{"line":137,"column":29}},"loc":{"start":{"line":137,"column":35},"end":{"line":137,"column":null}},"line":137},"12":{"name":"(anonymous_12)","decl":{"start":{"line":138,"column":18},"end":{"line":138,"column":30}},"loc":{"start":{"line":138,"column":36},"end":{"line":138,"column":null}},"line":138}},"branchMap":{"0":{"loc":{"start":{"line":18,"column":47},"end":{"line":18,"column":66}},"type":"default-arg","locations":[{"start":{"line":18,"column":59},"end":{"line":18,"column":66}}],"line":18},"1":{"loc":{"start":{"line":39,"column":20},"end":{"line":39,"column":50}},"type":"binary-expr","locations":[{"start":{"line":39,"column":20},"end":{"line":39,"column":31}},{"start":{"line":39,"column":31},"end":{"line":39,"column":50}}],"line":39},"2":{"loc":{"start":{"line":44,"column":4},"end":{"line":46,"column":null}},"type":"if","locations":[{"start":{"line":44,"column":4},"end":{"line":46,"column":null}},{"start":{},"end":{}}],"line":44},"3":{"loc":{"start":{"line":54,"column":4},"end":{"line":61,"column":null}},"type":"if","locations":[{"start":{"line":54,"column":4},"end":{"line":61,"column":null}},{"start":{},"end":{}}],"line":54},"4":{"loc":{"start":{"line":57,"column":6},"end":{"line":59,"column":null}},"type":"if","locations":[{"start":{"line":57,"column":6},"end":{"line":59,"column":null}},{"start":{},"end":{}}],"line":57},"5":{"loc":{"start":{"line":57,"column":10},"end":{"line":57,"column":42}},"type":"binary-expr","locations":[{"start":{"line":57,"column":10},"end":{"line":57,"column":19}},{"start":{"line":57,"column":19},"end":{"line":57,"column":42}}],"line":57},"6":{"loc":{"start":{"line":82,"column":15},"end":{"line":82,"column":null}},"type":"cond-expr","locations":[{"start":{"line":82,"column":37},"end":{"line":82,"column":61}},{"start":{"line":82,"column":61},"end":{"line":82,"column":null}}],"line":82},"7":{"loc":{"start":{"line":94,"column":19},"end":{"line":94,"column":null}},"type":"cond-expr","locations":[{"start":{"line":94,"column":31},"end":{"line":94,"column":48}},{"start":{"line":94,"column":48},"end":{"line":94,"column":null}}],"line":94},"8":{"loc":{"start":{"line":115,"column":18},"end":{"line":115,"column":null}},"type":"binary-expr","locations":[{"start":{"line":115,"column":18},"end":{"line":115,"column":27}},{"start":{"line":115,"column":27},"end":{"line":115,"column":null}}],"line":115},"9":{"loc":{"start":{"line":139,"column":31},"end":{"line":139,"column":null}},"type":"cond-expr","locations":[{"start":{"line":139,"column":58},"end":{"line":139,"column":74}},{"start":{"line":139,"column":74},"end":{"line":139,"column":null}}],"line":139},"10":{"loc":{"start":{"line":143,"column":15},"end":{"line":146,"column":null}},"type":"binary-expr","locations":[{"start":{"line":143,"column":15},"end":{"line":143,"column":28}},{"start":{"line":143,"column":28},"end":{"line":143,"column":null}},{"start":{"line":144,"column":16},"end":{"line":146,"column":null}}],"line":143}},"s":{"0":2,"1":2,"2":31,"3":31,"4":31,"5":13,"6":31,"7":10,"8":6,"9":31,"10":3,"11":3,"12":3,"13":3,"14":2,"15":3,"16":31,"17":1,"18":2,"19":31,"20":1,"21":31,"22":32,"23":32,"24":32,"25":9,"26":1,"27":3,"28":3},"f":{"0":31,"1":13,"2":10,"3":3,"4":1,"5":2,"6":1,"7":32,"8":32,"9":9,"10":1,"11":3,"12":3},"b":{"0":[31],"1":[5,1],"2":[6,4],"3":[3,0],"4":[2,1],"5":[3,3],"6":[1,30],"7":[0,32],"8":[32,0],"9":[26,6],"10":[32,0,0]},"meta":{"lastBranch":11,"lastFunction":13,"lastStatement":29,"seen":{"s:1:7:1:43":0,"s:1:43:1:Infinity":1,"f:18:16:18:25":0,"b:18:59:18:66":0,"s:19:34:19:Infinity":2,"s:27:6:35:Infinity":3,"s:38:2:40:Infinity":4,"f:38:2:38:18":1,"s:39:4:39:Infinity":5,"b:39:20:39:31:39:31:39:50":1,"s:43:2:47:Infinity":6,"f:43:2:43:18":2,"b:44:4:46:Infinity:undefined:undefined:undefined:undefined":2,"s:44:4:46:Infinity":7,"s:45:6:45:Infinity":8,"s:49:8:62:Infinity":9,"f:49:8:49:Infinity":3,"b:54:4:61:Infinity:undefined:undefined:undefined:undefined":3,"s:54:4:61:Infinity":10,"s:55:6:55:Infinity":11,"s:56:20:56:Infinity":12,"b:57:6:59:Infinity:undefined:undefined:undefined:undefined":4,"s:57:6:59:Infinity":13,"b:57:10:57:19:57:19:57:42":5,"s:58:8:58:Infinity":14,"s:60:6:60:Infinity":15,"s:64:8:70:Infinity":16,"f:64:8:64:Infinity":4,"s:69:4:69:Infinity":17,"f:69:18:69:26":5,"s:69:32:69:49":18,"s:72:23:74:Infinity":19,"f:72:23:72:37":6,"s:73:4:73:Infinity":20,"s:76:2:172:Infinity":21,"b:82:37:82:61:82:61:82:Infinity":6,"f:89:8:89:17":7,"s:90:10:95:Infinity":22,"b:94:31:94:48:94:48:94:Infinity":7,"f:102:8:102:17":8,"s:103:30:103:Infinity":23,"s:104:10:148:Infinity":24,"b:115:18:115:27:115:27:115:Infinity":8,"f:118:29:118:34":9,"s:119:18:131:Infinity":25,"f:126:22:126:37":10,"s:126:37:126:Infinity":26,"f:137:18:137:29":11,"s:137:35:137:Infinity":27,"f:138:18:138:30":12,"s:138:36:138:Infinity":28,"b:139:58:139:74:139:74:139:Infinity":9,"b:143:15:143:28:143:28:143:Infinity:144:16:146:Infinity":10},"fnNames":{}}}
,"/Users/sagarpansare/Documents/notes-app/frontend/src/components/presentational/notes/index.ts": {"path":"/Users/sagarpansare/Documents/notes-app/frontend/src/components/presentational/notes/index.ts","statementMap":{},"fnMap":{},"branchMap":{},"s":{},"f":{},"b":{},"meta":{"lastBranch":0,"lastFunction":0,"lastStatement":0,"seen":{},"fnNames":{}}}
,"/Users/sagarpansare/Documents/notes-app/frontend/src/hooks/use-create-note.ts": {"path":"/Users/sagarpansare/Documents/notes-app/frontend/src/hooks/use-create-note.ts","statementMap":{"0":{"start":{"line":7,"column":22},"end":{"line":7,"column":null}},"1":{"start":{"line":9,"column":2},"end":{"line":23,"column":null}},"2":{"start":{"line":10,"column":44},"end":{"line":10,"column":null}},"3":{"start":{"line":12,"column":6},"end":{"line":12,"column":null}},"4":{"start":{"line":13,"column":6},"end":{"line":13,"column":null}},"5":{"start":{"line":14,"column":6},"end":{"line":14,"column":null}},"6":{"start":{"line":16,"column":6},"end":{"line":16,"column":null}},"7":{"start":{"line":17,"column":6},"end":{"line":17,"column":null}},"8":{"start":{"line":20,"column":22},"end":{"line":20,"column":null}},"9":{"start":{"line":21,"column":6},"end":{"line":21,"column":null}}},"fnMap":{"0":{"name":"useCreateNote","decl":{"start":{"line":6,"column":16},"end":{"line":6,"column":30}},"loc":{"start":{"line":6,"column":68},"end":{"line":24,"column":null}},"line":6},"1":{"name":"(anonymous_1)","decl":{"start":{"line":10,"column":4},"end":{"line":10,"column":17}},"loc":{"start":{"line":10,"column":44},"end":{"line":10,"column":null}},"line":10},"2":{"name":"(anonymous_2)","decl":{"start":{"line":11,"column":4},"end":{"line":11,"column":21}},"loc":{"start":{"line":11,"column":21},"end":{"line":18,"column":null}},"line":11},"3":{"name":"(anonymous_3)","decl":{"start":{"line":19,"column":4},"end":{"line":19,"column":14}},"loc":{"start":{"line":19,"column":29},"end":{"line":22,"column":null}},"line":19}},"branchMap":{"0":{"loc":{"start":{"line":20,"column":22},"end":{"line":20,"column":null}},"type":"binary-expr","locations":[{"start":{"line":20,"column":22},"end":{"line":20,"column":56}},{"start":{"line":20,"column":56},"end":{"line":20,"column":null}}],"line":20}},"s":{"0":4,"1":4,"2":2,"3":1,"4":1,"5":1,"6":1,"7":1,"8":1,"9":1},"f":{"0":4,"1":2,"2":1,"3":1},"b":{"0":[1,0]},"meta":{"lastBranch":1,"lastFunction":4,"lastStatement":10,"seen":{"f:6:16:6:30":0,"s:7:22:7:Infinity":0,"s:9:2:23:Infinity":1,"f:10:4:10:17":1,"s:10:44:10:Infinity":2,"f:11:4:11:21":2,"s:12:6:12:Infinity":3,"s:13:6:13:Infinity":4,"s:14:6:14:Infinity":5,"s:16:6:16:Infinity":6,"s:17:6:17:Infinity":7,"f:19:4:19:14":3,"s:20:22:20:Infinity":8,"b:20:22:20:56:20:56:20:Infinity":0,"s:21:6:21:Infinity":9},"fnNames":{}}}
,"/Users/sagarpansare/Documents/notes-app/frontend/src/hooks/use-ui-store.ts": {"path":"/Users/sagarpansare/Documents/notes-app/frontend/src/hooks/use-ui-store.ts","statementMap":{"0":{"start":{"line":10,"column":26},"end":{"line":15,"column":null}},"1":{"start":{"line":10,"column":52},"end":{"line":15,"column":2}},"2":{"start":{"line":12,"column":24},"end":{"line":12,"column":null}},"3":{"start":{"line":13,"column":25},"end":{"line":13,"column":null}},"4":{"start":{"line":14,"column":31},"end":{"line":14,"column":null}}},"fnMap":{"0":{"name":"(anonymous_0)","decl":{"start":{"line":10,"column":26},"end":{"line":10,"column":43}},"loc":{"start":{"line":10,"column":52},"end":{"line":15,"column":2}},"line":10},"1":{"name":"(anonymous_1)","decl":{"start":{"line":12,"column":2},"end":{"line":12,"column":24}},"loc":{"start":{"line":12,"column":24},"end":{"line":12,"column":null}},"line":12},"2":{"name":"(anonymous_2)","decl":{"start":{"line":13,"column":2},"end":{"line":13,"column":25}},"loc":{"start":{"line":13,"column":25},"end":{"line":13,"column":null}},"line":13},"3":{"name":"(anonymous_3)","decl":{"start":{"line":14,"column":2},"end":{"line":14,"column":22}},"loc":{"start":{"line":14,"column":31},"end":{"line":14,"column":null}},"line":14}},"branchMap":{},"s":{"0":1,"1":1,"2":2,"3":1,"4":2},"f":{"0":1,"1":2,"2":1,"3":2},"b":{},"meta":{"lastBranch":0,"lastFunction":4,"lastStatement":5,"seen":{"s:10:26:15:Infinity":0,"f:10:26:10:43":0,"s:10:52:15:2":1,"f:12:2:12:24":1,"s:12:24:12:Infinity":2,"f:13:2:13:25":2,"s:13:25:13:Infinity":3,"f:14:2:14:22":3,"s:14:31:14:Infinity":4},"fnNames":{}}}
,"/Users/sagarpansare/Documents/notes-app/frontend/src/services/note-api.ts": {"path":"/Users/sagarpansare/Documents/notes-app/frontend/src/services/note-api.ts","statementMap":{"0":{"start":{"line":5,"column":19},"end":{"line":5,"column":null}},"1":{"start":{"line":6,"column":2},"end":{"line":6,"column":null}}},"fnMap":{"0":{"name":"createNote","decl":{"start":{"line":4,"column":22},"end":{"line":4,"column":33}},"loc":{"start":{"line":4,"column":72},"end":{"line":7,"column":null}},"line":4}},"branchMap":{},"s":{"0":1,"1":1},"f":{"0":1},"b":{},"meta":{"lastBranch":0,"lastFunction":1,"lastStatement":2,"seen":{"f:4:22:4:33":0,"s:5:19:5:Infinity":0,"s:6:2:6:Infinity":1},"fnNames":{}}}
}
