{"/Users/sagarpansare/Documents/notes-app/frontend/src/components/presentational/export-import/ExportImportPanel.tsx": {"path":"/Users/sagarpansare/Documents/notes-app/frontend/src/components/presentational/export-import/ExportImportPanel.tsx","statementMap":{"0":{"start":{"line":1,"column":7},"end":{"line":1,"column":null}},"1":{"start":{"line":1,"column":18},"end":{"line":1,"column":null}},"2":{"start":{"line":40,"column":2},"end":{"line":204,"column":null}},"3":{"start":{"line":57,"column":29},"end":{"line":57,"column":null}},"4":{"start":{"line":167,"column":33},"end":{"line":167,"column":null}},"5":{"start":{"line":193,"column":33},"end":{"line":193,"column":null}}},"fnMap":{"0":{"name":"ExportImportPanel","decl":{"start":{"line":25,"column":16},"end":{"line":25,"column":34}},"loc":{"start":{"line":39,"column":27},"end":{"line":206,"column":null}},"line":39},"1":{"name":"(anonymous_1)","decl":{"start":{"line":57,"column":14},"end":{"line":57,"column":29}},"loc":{"start":{"line":57,"column":29},"end":{"line":57,"column":null}},"line":57},"2":{"name":"(anonymous_2)","decl":{"start":{"line":167,"column":18},"end":{"line":167,"column":33}},"loc":{"start":{"line":167,"column":33},"end":{"line":167,"column":null}},"line":167},"3":{"name":"(anonymous_3)","decl":{"start":{"line":193,"column":18},"end":{"line":193,"column":33}},"loc":{"start":{"line":193,"column":33},"end":{"line":193,"column":null}},"line":193}},"branchMap":{"0":{"loc":{"start":{"line":59,"column":16},"end":{"line":61,"column":null}},"type":"cond-expr","locations":[{"start":{"line":60,"column":20},"end":{"line":60,"column":null}},{"start":{"line":61,"column":20},"end":{"line":61,"column":null}}],"line":59},"1":{"loc":{"start":{"line":94,"column":13},"end":{"line":106,"column":null}},"type":"binary-expr","locations":[{"start":{"line":94,"column":13},"end":{"line":94,"column":null}},{"start":{"line":95,"column":14},"end":{"line":106,"column":null}}],"line":94},"2":{"loc":{"start":{"line":110,"column":13},"end":{"line":117,"column":null}},"type":"binary-expr","locations":[{"start":{"line":110,"column":13},"end":{"line":110,"column":null}},{"start":{"line":111,"column":14},"end":{"line":117,"column":null}}],"line":110},"3":{"loc":{"start":{"line":121,"column":13},"end":{"line":132,"column":null}},"type":"binary-expr","locations":[{"start":{"line":121,"column":13},"end":{"line":121,"column":30}},{"start":{"line":121,"column":30},"end":{"line":121,"column":null}},{"start":{"line":122,"column":14},"end":{"line":132,"column":null}}],"line":121}},"s":{"0":2,"1":2,"2":9,"3":0,"4":2,"5":2},"f":{"0":9,"1":0,"2":2,"3":2},"b":{"0":[0,9],"1":[9,1],"2":[9,2],"3":[9,1,1]},"meta":{"lastBranch":4,"lastFunction":4,"lastStatement":6,"seen":{"s:1:7:1:Infinity":0,"s:1:18:1:Infinity":1,"f:25:16:25:34":0,"s:40:2:204:Infinity":2,"f:57:14:57:29":1,"s:57:29:57:Infinity":3,"b:60:20:60:Infinity:61:20:61:Infinity":0,"b:94:13:94:Infinity:95:14:106:Infinity":1,"b:110:13:110:Infinity:111:14:117:Infinity":2,"b:121:13:121:30:121:30:121:Infinity:122:14:132:Infinity":3,"f:167:18:167:33":2,"s:167:33:167:Infinity":4,"f:193:18:193:33":3,"s:193:33:193:Infinity":5},"fnNames":{}}}
,"/Users/sagarpansare/Documents/notes-app/frontend/src/components/presentational/export-import/index.ts": {"path":"/Users/sagarpansare/Documents/notes-app/frontend/src/components/presentational/export-import/index.ts","statementMap":{},"fnMap":{},"branchMap":{},"s":{},"f":{},"b":{},"meta":{"lastBranch":0,"lastFunction":0,"lastStatement":0,"seen":{},"fnNames":{}}}
,"/Users/sagarpansare/Documents/notes-app/frontend/src/components/presentational/notes/CreateNoteDrawer.tsx": {"path":"/Users/sagarpansare/Documents/notes-app/frontend/src/components/presentational/notes/CreateNoteDrawer.tsx","statementMap":{"0":{"start":{"line":1,"column":9},"end":{"line":1,"column":null}},"1":{"start":{"line":1,"column":25},"end":{"line":1,"column":null}},"2":{"start":{"line":26,"column":32},"end":{"line":26,"column":null}},"3":{"start":{"line":28,"column":8},"end":{"line":37,"column":null}},"4":{"start":{"line":29,"column":4},"end":{"line":35,"column":null}},"5":{"start":{"line":30,"column":6},"end":{"line":30,"column":null}},"6":{"start":{"line":30,"column":21},"end":{"line":30,"column":null}},"7":{"start":{"line":31,"column":6},"end":{"line":34,"column":null}},"8":{"start":{"line":32,"column":29},"end":{"line":32,"column":null}},"9":{"start":{"line":33,"column":8},"end":{"line":33,"column":null}},"10":{"start":{"line":33,"column":27},"end":{"line":33,"column":null}},"11":{"start":{"line":36,"column":4},"end":{"line":36,"column":null}},"12":{"start":{"line":39,"column":2},"end":{"line":60,"column":null}},"13":{"start":{"line":52,"column":28},"end":{"line":52,"column":null}}},"fnMap":{"0":{"name":"CreateNoteDrawer","decl":{"start":{"line":19,"column":16},"end":{"line":19,"column":33}},"loc":{"start":{"line":25,"column":26},"end":{"line":62,"column":null}},"line":25},"1":{"name":"(anonymous_1)","decl":{"start":{"line":28,"column":8},"end":{"line":28,"column":28}},"loc":{"start":{"line":28,"column":49},"end":{"line":37,"column":null}},"line":28},"2":{"name":"(anonymous_2)","decl":{"start":{"line":52,"column":12},"end":{"line":52,"column":28}},"loc":{"start":{"line":52,"column":28},"end":{"line":52,"column":null}},"line":52}},"branchMap":{"0":{"loc":{"start":{"line":23,"column":2},"end":{"line":23,"column":null}},"type":"default-arg","locations":[{"start":{"line":23,"column":14},"end":{"line":23,"column":null}}],"line":23},"1":{"loc":{"start":{"line":24,"column":2},"end":{"line":24,"column":null}},"type":"default-arg","locations":[{"start":{"line":24,"column":18},"end":{"line":24,"column":null}}],"line":24},"2":{"loc":{"start":{"line":29,"column":4},"end":{"line":35,"column":null}},"type":"if","locations":[{"start":{"line":29,"column":4},"end":{"line":35,"column":null}},{"start":{},"end":{}}],"line":29},"3":{"loc":{"start":{"line":30,"column":6},"end":{"line":30,"column":null}},"type":"if","locations":[{"start":{"line":30,"column":6},"end":{"line":30,"column":null}},{"start":{},"end":{}}],"line":30},"4":{"loc":{"start":{"line":31,"column":6},"end":{"line":34,"column":null}},"type":"if","locations":[{"start":{"line":31,"column":6},"end":{"line":34,"column":null}},{"start":{},"end":{}}],"line":31},"5":{"loc":{"start":{"line":33,"column":8},"end":{"line":33,"column":null}},"type":"if","locations":[{"start":{"line":33,"column":8},"end":{"line":33,"column":null}},{"start":{},"end":{}}],"line":33}},"s":{"0":1,"1":1,"2":5,"3":5,"4":3,"5":3,"6":0,"7":3,"8":2,"9":2,"10":1,"11":2,"12":5,"13":3},"f":{"0":5,"1":3,"2":3},"b":{"0":[5],"1":[5],"2":[3,0],"3":[0,3],"4":[2,1],"5":[1,1]},"meta":{"lastBranch":6,"lastFunction":3,"lastStatement":14,"seen":{"s:1:9:1:Infinity":0,"s:1:25:1:Infinity":1,"f:19:16:19:33":0,"b:23:14:23:Infinity":0,"b:24:18:24:Infinity":1,"s:26:32:26:Infinity":2,"s:28:8:37:Infinity":3,"f:28:8:28:28":1,"b:29:4:35:Infinity:undefined:undefined:undefined:undefined":2,"s:29:4:35:Infinity":4,"b:30:6:30:Infinity:undefined:undefined:undefined:undefined":3,"s:30:6:30:Infinity":5,"s:30:21:30:Infinity":6,"b:31:6:34:Infinity:undefined:undefined:undefined:undefined":4,"s:31:6:34:Infinity":7,"s:32:29:32:Infinity":8,"b:33:8:33:Infinity:undefined:undefined:undefined:undefined":5,"s:33:8:33:Infinity":9,"s:33:27:33:Infinity":10,"s:36:4:36:Infinity":11,"s:39:2:60:Infinity":12,"f:52:12:52:28":2,"s:52:28:52:Infinity":13},"fnNames":{}}}
,"/Users/sagarpansare/Documents/notes-app/frontend/src/components/presentational/notes/EditNoteDrawer.tsx": {"path":"/Users/sagarpansare/Documents/notes-app/frontend/src/components/presentational/notes/EditNoteDrawer.tsx","statementMap":{"0":{"start":{"line":2,"column":2},"end":{"line":6,"column":null}},"1":{"start":{"line":30,"column":2},"end":{"line":30,"column":null}},"2":{"start":{"line":30,"column":13},"end":{"line":30,"column":null}},"3":{"start":{"line":32,"column":2},"end":{"line":59,"column":null}},"4":{"start":{"line":52,"column":28},"end":{"line":52,"column":null}}},"fnMap":{"0":{"name":"EditNoteDrawer","decl":{"start":{"line":21,"column":16},"end":{"line":21,"column":31}},"loc":{"start":{"line":29,"column":24},"end":{"line":61,"column":null}},"line":29},"1":{"name":"(anonymous_1)","decl":{"start":{"line":52,"column":12},"end":{"line":52,"column":28}},"loc":{"start":{"line":52,"column":28},"end":{"line":52,"column":null}},"line":52}},"branchMap":{"0":{"loc":{"start":{"line":27,"column":2},"end":{"line":27,"column":null}},"type":"default-arg","locations":[{"start":{"line":27,"column":19},"end":{"line":27,"column":null}}],"line":27},"1":{"loc":{"start":{"line":28,"column":2},"end":{"line":28,"column":null}},"type":"default-arg","locations":[{"start":{"line":28,"column":18},"end":{"line":28,"column":null}}],"line":28},"2":{"loc":{"start":{"line":30,"column":2},"end":{"line":30,"column":null}},"type":"if","locations":[{"start":{"line":30,"column":2},"end":{"line":30,"column":null}},{"start":{},"end":{}}],"line":30}},"s":{"0":1,"1":8,"2":1,"3":7,"4":1},"f":{"0":8,"1":1},"b":{"0":[8],"1":[8],"2":[1,7]},"meta":{"lastBranch":3,"lastFunction":2,"lastStatement":5,"seen":{"s:2:2:6:Infinity":0,"f:21:16:21:31":0,"b:27:19:27:Infinity":0,"b:28:18:28:Infinity":1,"b:30:2:30:Infinity:undefined:undefined:undefined:undefined":2,"s:30:2:30:Infinity":1,"s:30:13:30:Infinity":2,"s:32:2:59:Infinity":3,"f:52:12:52:28":1,"s:52:28:52:Infinity":4},"fnNames":{}}}
,"/Users/sagarpansare/Documents/notes-app/frontend/src/components/presentational/notes/NoteCard.tsx": {"path":"/Users/sagarpansare/Documents/notes-app/frontend/src/components/presentational/notes/NoteCard.tsx","statementMap":{"0":{"start":{"line":1,"column":9},"end":{"line":1,"column":null}},"1":{"start":{"line":20,"column":27},"end":{"line":20,"column":null}},"2":{"start":{"line":21,"column":23},"end":{"line":21,"column":null}},"3":{"start":{"line":27,"column":4},"end":{"line":58,"column":null}},"4":{"start":{"line":27,"column":25},"end":{"line":27,"column":null}},"5":{"start":{"line":31,"column":12},"end":{"line":40,"column":null}},"6":{"start":{"line":43,"column":27},"end":{"line":43,"column":null}},"7":{"start":{"line":50,"column":27},"end":{"line":50,"column":null}},"8":{"start":{"line":62,"column":2},"end":{"line":110,"column":null}},"9":{"start":{"line":63,"column":4},"end":{"line":108,"column":null}},"10":{"start":{"line":69,"column":23},"end":{"line":69,"column":null}},"11":{"start":{"line":71,"column":10},"end":{"line":77,"column":null}},"12":{"start":{"line":72,"column":12},"end":{"line":72,"column":null}},"13":{"start":{"line":73,"column":12},"end":{"line":73,"column":null}},"14":{"start":{"line":74,"column":17},"end":{"line":77,"column":null}},"15":{"start":{"line":75,"column":12},"end":{"line":75,"column":null}},"16":{"start":{"line":76,"column":12},"end":{"line":76,"column":null}},"17":{"start":{"line":92,"column":12},"end":{"line":97,"column":null}},"18":{"start":{"line":112,"column":2},"end":{"line":165,"column":null}},"19":{"start":{"line":119,"column":23},"end":{"line":119,"column":null}},"20":{"start":{"line":120,"column":8},"end":{"line":120,"column":null}},"21":{"start":{"line":120,"column":59},"end":{"line":120,"column":null}},"22":{"start":{"line":121,"column":8},"end":{"line":121,"column":null}},"23":{"start":{"line":124,"column":8},"end":{"line":130,"column":null}},"24":{"start":{"line":125,"column":10},"end":{"line":125,"column":null}},"25":{"start":{"line":126,"column":10},"end":{"line":126,"column":null}},"26":{"start":{"line":127,"column":15},"end":{"line":130,"column":null}},"27":{"start":{"line":128,"column":10},"end":{"line":128,"column":null}},"28":{"start":{"line":129,"column":10},"end":{"line":129,"column":null}},"29":{"start":{"line":149,"column":12},"end":{"line":154,"column":null}}},"fnMap":{"0":{"name":"NoteCard","decl":{"start":{"line":19,"column":16},"end":{"line":19,"column":25}},"loc":{"start":{"line":19,"column":78},"end":{"line":167,"column":null}},"line":19},"1":{"name":"(anonymous_1)","decl":{"start":{"line":27,"column":9},"end":{"line":27,"column":19}},"loc":{"start":{"line":27,"column":25},"end":{"line":27,"column":null}},"line":27},"2":{"name":"(anonymous_2)","decl":{"start":{"line":30,"column":10},"end":{"line":30,"column":19}},"loc":{"start":{"line":31,"column":12},"end":{"line":40,"column":null}},"line":31},"3":{"name":"(anonymous_3)","decl":{"start":{"line":43,"column":12},"end":{"line":43,"column":27}},"loc":{"start":{"line":43,"column":27},"end":{"line":43,"column":null}},"line":43},"4":{"name":"(anonymous_4)","decl":{"start":{"line":50,"column":12},"end":{"line":50,"column":27}},"loc":{"start":{"line":50,"column":27},"end":{"line":50,"column":null}},"line":50},"5":{"name":"(anonymous_5)","decl":{"start":{"line":69,"column":8},"end":{"line":69,"column":23}},"loc":{"start":{"line":69,"column":23},"end":{"line":69,"column":null}},"line":69},"6":{"name":"(anonymous_6)","decl":{"start":{"line":70,"column":8},"end":{"line":70,"column":20}},"loc":{"start":{"line":70,"column":26},"end":{"line":78,"column":null}},"line":70},"7":{"name":"(anonymous_7)","decl":{"start":{"line":91,"column":46},"end":{"line":91,"column":51}},"loc":{"start":{"line":92,"column":12},"end":{"line":97,"column":null}},"line":92},"8":{"name":"(anonymous_8)","decl":{"start":{"line":118,"column":6},"end":{"line":118,"column":16}},"loc":{"start":{"line":118,"column":22},"end":{"line":122,"column":null}},"line":118},"9":{"name":"(anonymous_9)","decl":{"start":{"line":123,"column":6},"end":{"line":123,"column":18}},"loc":{"start":{"line":123,"column":24},"end":{"line":131,"column":null}},"line":123},"10":{"name":"(anonymous_10)","decl":{"start":{"line":148,"column":46},"end":{"line":148,"column":51}},"loc":{"start":{"line":149,"column":12},"end":{"line":154,"column":null}},"line":149}},"branchMap":{"0":{"loc":{"start":{"line":20,"column":60},"end":{"line":20,"column":90}},"type":"cond-expr","locations":[{"start":{"line":20,"column":82},"end":{"line":20,"column":87}},{"start":{"line":20,"column":87},"end":{"line":20,"column":90}}],"line":20},"1":{"loc":{"start":{"line":62,"column":2},"end":{"line":110,"column":null}},"type":"if","locations":[{"start":{"line":62,"column":2},"end":{"line":110,"column":null}},{"start":{},"end":{}}],"line":62},"2":{"loc":{"start":{"line":71,"column":10},"end":{"line":77,"column":null}},"type":"if","locations":[{"start":{"line":71,"column":10},"end":{"line":77,"column":null}},{"start":{"line":74,"column":17},"end":{"line":77,"column":null}}],"line":71},"3":{"loc":{"start":{"line":71,"column":14},"end":{"line":71,"column":50}},"type":"binary-expr","locations":[{"start":{"line":71,"column":14},"end":{"line":71,"column":35}},{"start":{"line":71,"column":35},"end":{"line":71,"column":50}}],"line":71},"4":{"loc":{"start":{"line":74,"column":17},"end":{"line":77,"column":null}},"type":"if","locations":[{"start":{"line":74,"column":17},"end":{"line":77,"column":null}},{"start":{},"end":{}}],"line":74},"5":{"loc":{"start":{"line":74,"column":21},"end":{"line":74,"column":66}},"type":"binary-expr","locations":[{"start":{"line":74,"column":21},"end":{"line":74,"column":43}},{"start":{"line":74,"column":43},"end":{"line":74,"column":66}}],"line":74},"6":{"loc":{"start":{"line":86,"column":13},"end":{"line":86,"column":null}},"type":"binary-expr","locations":[{"start":{"line":86,"column":13},"end":{"line":86,"column":33}},{"start":{"line":86,"column":33},"end":{"line":86,"column":null}}],"line":86},"7":{"loc":{"start":{"line":91,"column":11},"end":{"line":98,"column":null}},"type":"binary-expr","locations":[{"start":{"line":91,"column":11},"end":{"line":91,"column":24}},{"start":{"line":91,"column":24},"end":{"line":98,"column":null}}],"line":91},"8":{"loc":{"start":{"line":120,"column":8},"end":{"line":120,"column":null}},"type":"if","locations":[{"start":{"line":120,"column":8},"end":{"line":120,"column":null}},{"start":{},"end":{}}],"line":120},"9":{"loc":{"start":{"line":124,"column":8},"end":{"line":130,"column":null}},"type":"if","locations":[{"start":{"line":124,"column":8},"end":{"line":130,"column":null}},{"start":{"line":127,"column":15},"end":{"line":130,"column":null}}],"line":124},"10":{"loc":{"start":{"line":124,"column":12},"end":{"line":124,"column":48}},"type":"binary-expr","locations":[{"start":{"line":124,"column":12},"end":{"line":124,"column":33}},{"start":{"line":124,"column":33},"end":{"line":124,"column":48}}],"line":124},"11":{"loc":{"start":{"line":127,"column":15},"end":{"line":130,"column":null}},"type":"if","locations":[{"start":{"line":127,"column":15},"end":{"line":130,"column":null}},{"start":{},"end":{}}],"line":127},"12":{"loc":{"start":{"line":127,"column":19},"end":{"line":127,"column":64}},"type":"binary-expr","locations":[{"start":{"line":127,"column":19},"end":{"line":127,"column":41}},{"start":{"line":127,"column":41},"end":{"line":127,"column":64}}],"line":127},"13":{"loc":{"start":{"line":142,"column":11},"end":{"line":142,"column":null}},"type":"binary-expr","locations":[{"start":{"line":142,"column":11},"end":{"line":142,"column":31}},{"start":{"line":142,"column":31},"end":{"line":142,"column":null}}],"line":142},"14":{"loc":{"start":{"line":148,"column":11},"end":{"line":155,"column":null}},"type":"binary-expr","locations":[{"start":{"line":148,"column":11},"end":{"line":148,"column":24}},{"start":{"line":148,"column":24},"end":{"line":155,"column":null}}],"line":148}},"s":{"0":1,"1":10,"2":10,"3":10,"4":4,"5":32,"6":1,"7":1,"8":10,"9":3,"10":1,"11":4,"12":2,"13":2,"14":2,"15":2,"16":2,"17":6,"18":7,"19":1,"20":1,"21":0,"22":1,"23":4,"24":2,"25":2,"26":2,"27":2,"28":2,"29":12},"f":{"0":10,"1":4,"2":32,"3":1,"4":1,"5":1,"6":4,"7":6,"8":1,"9":4,"10":12},"b":{"0":[3,7],"1":[3,7],"2":[2,2],"3":[4,3],"4":[2,0],"5":[2,1],"6":[3,0],"7":[3,3],"8":[0,1],"9":[2,2],"10":[4,3],"11":[2,0],"12":[2,1],"13":[7,1],"14":[10,7]},"meta":{"lastBranch":15,"lastFunction":11,"lastStatement":30,"seen":{"s:1:9:1:Infinity":0,"f:19:16:19:25":0,"s:20:27:20:Infinity":1,"b:20:82:20:87:20:87:20:90":0,"s:21:23:21:Infinity":2,"s:27:4:58:Infinity":3,"f:27:9:27:19":1,"s:27:25:27:Infinity":4,"f:30:10:30:19":2,"s:31:12:40:Infinity":5,"f:43:12:43:27":3,"s:43:27:43:Infinity":6,"f:50:12:50:27":4,"s:50:27:50:Infinity":7,"b:62:2:110:Infinity:undefined:undefined:undefined:undefined":1,"s:62:2:110:Infinity":8,"s:63:4:108:Infinity":9,"f:69:8:69:23":5,"s:69:23:69:Infinity":10,"f:70:8:70:20":6,"b:71:10:77:Infinity:74:17:77:Infinity":2,"s:71:10:77:Infinity":11,"b:71:14:71:35:71:35:71:50":3,"s:72:12:72:Infinity":12,"s:73:12:73:Infinity":13,"b:74:17:77:Infinity:undefined:undefined:undefined:undefined":4,"s:74:17:77:Infinity":14,"b:74:21:74:43:74:43:74:66":5,"s:75:12:75:Infinity":15,"s:76:12:76:Infinity":16,"b:86:13:86:33:86:33:86:Infinity":6,"b:91:11:91:24:91:24:98:Infinity":7,"f:91:46:91:51":7,"s:92:12:97:Infinity":17,"s:112:2:165:Infinity":18,"f:118:6:118:16":8,"s:119:23:119:Infinity":19,"b:120:8:120:Infinity:undefined:undefined:undefined:undefined":8,"s:120:8:120:Infinity":20,"s:120:59:120:Infinity":21,"s:121:8:121:Infinity":22,"f:123:6:123:18":9,"b:124:8:130:Infinity:127:15:130:Infinity":9,"s:124:8:130:Infinity":23,"b:124:12:124:33:124:33:124:48":10,"s:125:10:125:Infinity":24,"s:126:10:126:Infinity":25,"b:127:15:130:Infinity:undefined:undefined:undefined:undefined":11,"s:127:15:130:Infinity":26,"b:127:19:127:41:127:41:127:64":12,"s:128:10:128:Infinity":27,"s:129:10:129:Infinity":28,"b:142:11:142:31:142:31:142:Infinity":13,"b:148:11:148:24:148:24:155:Infinity":14,"f:148:46:148:51":10,"s:149:12:154:Infinity":29},"fnNames":{}}}
,"/Users/sagarpansare/Documents/notes-app/frontend/src/components/presentational/notes/NoteForm.tsx": {"path":"/Users/sagarpansare/Documents/notes-app/frontend/src/components/presentational/notes/NoteForm.tsx","statementMap":{"0":{"start":{"line":1,"column":7},"end":{"line":1,"column":56}},"1":{"start":{"line":1,"column":56},"end":{"line":1,"column":null}},"2":{"start":{"line":36,"column":34},"end":{"line":36,"column":null}},"3":{"start":{"line":37,"column":36},"end":{"line":37,"column":null}},"4":{"start":{"line":38,"column":50},"end":{"line":38,"column":null}},"5":{"start":{"line":47,"column":6},"end":{"line":55,"column":null}},"6":{"start":{"line":57,"column":2},"end":{"line":59,"column":null}},"7":{"start":{"line":58,"column":4},"end":{"line":58,"column":null}},"8":{"start":{"line":62,"column":2},"end":{"line":66,"column":null}},"9":{"start":{"line":63,"column":4},"end":{"line":65,"column":null}},"10":{"start":{"line":64,"column":6},"end":{"line":64,"column":null}},"11":{"start":{"line":68,"column":2},"end":{"line":72,"column":null}},"12":{"start":{"line":69,"column":4},"end":{"line":71,"column":null}},"13":{"start":{"line":70,"column":6},"end":{"line":70,"column":null}},"14":{"start":{"line":74,"column":24},"end":{"line":74,"column":null}},"15":{"start":{"line":75,"column":24},"end":{"line":75,"column":null}},"16":{"start":{"line":76,"column":2},"end":{"line":76,"column":null}},"17":{"start":{"line":76,"column":20},"end":{"line":76,"column":55}},"18":{"start":{"line":78,"column":2},"end":{"line":88,"column":null}},"19":{"start":{"line":79,"column":4},"end":{"line":79,"column":null}},"20":{"start":{"line":79,"column":51},"end":{"line":79,"column":null}},"21":{"start":{"line":80,"column":18},"end":{"line":86,"column":null}},"22":{"start":{"line":81,"column":6},"end":{"line":85,"column":null}},"23":{"start":{"line":87,"column":4},"end":{"line":87,"column":null}},"24":{"start":{"line":87,"column":17},"end":{"line":87,"column":null}},"25":{"start":{"line":90,"column":23},"end":{"line":103,"column":null}},"26":{"start":{"line":95,"column":4},"end":{"line":102,"column":null}},"27":{"start":{"line":96,"column":6},"end":{"line":96,"column":null}},"28":{"start":{"line":97,"column":20},"end":{"line":97,"column":null}},"29":{"start":{"line":98,"column":6},"end":{"line":100,"column":null}},"30":{"start":{"line":99,"column":8},"end":{"line":99,"column":null}},"31":{"start":{"line":101,"column":6},"end":{"line":101,"column":null}},"32":{"start":{"line":105,"column":26},"end":{"line":111,"column":null}},"33":{"start":{"line":110,"column":4},"end":{"line":110,"column":null}},"34":{"start":{"line":110,"column":32},"end":{"line":110,"column":49}},"35":{"start":{"line":113,"column":23},"end":{"line":115,"column":null}},"36":{"start":{"line":114,"column":4},"end":{"line":114,"column":null}},"37":{"start":{"line":117,"column":24},"end":{"line":122,"column":null}},"38":{"start":{"line":124,"column":2},"end":{"line":308,"column":null}},"39":{"start":{"line":138,"column":10},"end":{"line":143,"column":null}},"40":{"start":{"line":151,"column":30},"end":{"line":151,"column":null}},"41":{"start":{"line":152,"column":30},"end":{"line":156,"column":null}},"42":{"start":{"line":154,"column":14},"end":{"line":155,"column":null}},"43":{"start":{"line":157,"column":34},"end":{"line":157,"column":null}},"44":{"start":{"line":159,"column":10},"end":{"line":265,"column":null}},"45":{"start":{"line":175,"column":20},"end":{"line":187,"column":null}},"46":{"start":{"line":182,"column":39},"end":{"line":182,"column":null}},"47":{"start":{"line":195,"column":22},"end":{"line":195,"column":null}},"48":{"start":{"line":196,"column":22},"end":{"line":196,"column":null}},"49":{"start":{"line":200,"column":22},"end":{"line":200,"column":null}},"50":{"start":{"line":200,"column":39},"end":{"line":200,"column":60}},"51":{"start":{"line":203,"column":22},"end":{"line":203,"column":null}},"52":{"start":{"line":204,"column":22},"end":{"line":204,"column":null}},"53":{"start":{"line":207,"column":22},"end":{"line":228,"column":null}},"54":{"start":{"line":208,"column":24},"end":{"line":225,"column":null}},"55":{"start":{"line":209,"column":26},"end":{"line":209,"column":null}},"56":{"start":{"line":210,"column":26},"end":{"line":210,"column":null}},"57":{"start":{"line":210,"column":47},"end":{"line":210,"column":87}},"58":{"start":{"line":211,"column":31},"end":{"line":225,"column":null}},"59":{"start":{"line":212,"column":26},"end":{"line":212,"column":null}},"60":{"start":{"line":213,"column":26},"end":{"line":213,"column":null}},"61":{"start":{"line":213,"column":47},"end":{"line":213,"column":108}},"62":{"start":{"line":214,"column":31},"end":{"line":225,"column":null}},"63":{"start":{"line":215,"column":26},"end":{"line":215,"column":null}},"64":{"start":{"line":216,"column":46},"end":{"line":216,"column":null}},"65":{"start":{"line":217,"column":26},"end":{"line":222,"column":null}},"66":{"start":{"line":218,"column":28},"end":{"line":218,"column":null}},"67":{"start":{"line":219,"column":28},"end":{"line":219,"column":null}},"68":{"start":{"line":221,"column":28},"end":{"line":221,"column":null}},"69":{"start":{"line":223,"column":31},"end":{"line":225,"column":null}},"70":{"start":{"line":224,"column":26},"end":{"line":224,"column":null}},"71":{"start":{"line":227,"column":24},"end":{"line":227,"column":null}},"72":{"start":{"line":242,"column":22},"end":{"line":255,"column":null}},"73":{"start":{"line":245,"column":26},"end":{"line":245,"column":null}},"74":{"start":{"line":246,"column":26},"end":{"line":246,"column":null}}},"fnMap":{"0":{"name":"NoteForm","decl":{"start":{"line":24,"column":16},"end":{"line":24,"column":25}},"loc":{"start":{"line":35,"column":18},"end":{"line":310,"column":null}},"line":35},"1":{"name":"(anonymous_1)","decl":{"start":{"line":57,"column":2},"end":{"line":57,"column":18}},"loc":{"start":{"line":57,"column":18},"end":{"line":59,"column":5}},"line":57},"2":{"name":"(anonymous_2)","decl":{"start":{"line":62,"column":2},"end":{"line":62,"column":18}},"loc":{"start":{"line":62,"column":18},"end":{"line":66,"column":5}},"line":62},"3":{"name":"(anonymous_3)","decl":{"start":{"line":68,"column":2},"end":{"line":68,"column":18}},"loc":{"start":{"line":68,"column":18},"end":{"line":72,"column":5}},"line":68},"4":{"name":"(anonymous_4)","decl":{"start":{"line":76,"column":2},"end":{"line":76,"column":18}},"loc":{"start":{"line":76,"column":18},"end":{"line":76,"column":56}},"line":76},"5":{"name":"(anonymous_5)","decl":{"start":{"line":78,"column":2},"end":{"line":78,"column":18}},"loc":{"start":{"line":78,"column":18},"end":{"line":88,"column":5}},"line":78},"6":{"name":"(anonymous_6)","decl":{"start":{"line":80,"column":18},"end":{"line":80,"column":35}},"loc":{"start":{"line":80,"column":35},"end":{"line":86,"column":7}},"line":80},"7":{"name":"(anonymous_7)","decl":{"start":{"line":87,"column":4},"end":{"line":87,"column":17}},"loc":{"start":{"line":87,"column":17},"end":{"line":87,"column":null}},"line":87},"8":{"name":"(anonymous_8)","decl":{"start":{"line":90,"column":23},"end":{"line":90,"column":null}},"loc":{"start":{"line":94,"column":7},"end":{"line":103,"column":5}},"line":94},"9":{"name":"(anonymous_9)","decl":{"start":{"line":105,"column":26},"end":{"line":105,"column":null}},"loc":{"start":{"line":109,"column":7},"end":{"line":111,"column":5}},"line":109},"10":{"name":"(anonymous_10)","decl":{"start":{"line":110,"column":18},"end":{"line":110,"column":26}},"loc":{"start":{"line":110,"column":32},"end":{"line":110,"column":49}},"line":110},"11":{"name":"(anonymous_11)","decl":{"start":{"line":113,"column":23},"end":{"line":113,"column":37}},"loc":{"start":{"line":113,"column":46},"end":{"line":115,"column":3}},"line":113},"12":{"name":"(anonymous_12)","decl":{"start":{"line":137,"column":8},"end":{"line":137,"column":17}},"loc":{"start":{"line":138,"column":10},"end":{"line":143,"column":null}},"line":138},"13":{"name":"(anonymous_13)","decl":{"start":{"line":150,"column":8},"end":{"line":150,"column":17}},"loc":{"start":{"line":150,"column":65},"end":{"line":267,"column":null}},"line":150},"14":{"name":"(anonymous_14)","decl":{"start":{"line":152,"column":44},"end":{"line":152,"column":null}},"loc":{"start":{"line":154,"column":14},"end":{"line":155,"column":null}},"line":154},"15":{"name":"(anonymous_15)","decl":{"start":{"line":174,"column":31},"end":{"line":174,"column":36}},"loc":{"start":{"line":175,"column":20},"end":{"line":187,"column":null}},"line":175},"16":{"name":"(anonymous_16)","decl":{"start":{"line":182,"column":24},"end":{"line":182,"column":39}},"loc":{"start":{"line":182,"column":39},"end":{"line":182,"column":null}},"line":182},"17":{"name":"(anonymous_17)","decl":{"start":{"line":194,"column":20},"end":{"line":194,"column":35}},"loc":{"start":{"line":194,"column":35},"end":{"line":197,"column":null}},"line":194},"18":{"name":"(anonymous_18)","decl":{"start":{"line":198,"column":20},"end":{"line":198,"column":34}},"loc":{"start":{"line":198,"column":34},"end":{"line":201,"column":null}},"line":198},"19":{"name":"(anonymous_19)","decl":{"start":{"line":200,"column":22},"end":{"line":200,"column":39}},"loc":{"start":{"line":200,"column":39},"end":{"line":200,"column":60}},"line":200},"20":{"name":"(anonymous_20)","decl":{"start":{"line":202,"column":20},"end":{"line":202,"column":31}},"loc":{"start":{"line":202,"column":37},"end":{"line":205,"column":null}},"line":202},"21":{"name":"(anonymous_21)","decl":{"start":{"line":206,"column":20},"end":{"line":206,"column":32}},"loc":{"start":{"line":206,"column":38},"end":{"line":229,"column":null}},"line":206},"22":{"name":"(anonymous_22)","decl":{"start":{"line":210,"column":26},"end":{"line":210,"column":47}},"loc":{"start":{"line":210,"column":47},"end":{"line":210,"column":87}},"line":210},"23":{"name":"(anonymous_23)","decl":{"start":{"line":213,"column":26},"end":{"line":213,"column":47}},"loc":{"start":{"line":213,"column":47},"end":{"line":213,"column":108}},"line":213},"24":{"name":"(anonymous_24)","decl":{"start":{"line":241,"column":33},"end":{"line":241,"column":38}},"loc":{"start":{"line":242,"column":22},"end":{"line":255,"column":null}},"line":242},"25":{"name":"(anonymous_25)","decl":{"start":{"line":244,"column":24},"end":{"line":244,"column":39}},"loc":{"start":{"line":244,"column":39},"end":{"line":247,"column":null}},"line":244}},"branchMap":{"0":{"loc":{"start":{"line":27,"column":2},"end":{"line":27,"column":null}},"type":"default-arg","locations":[{"start":{"line":27,"column":14},"end":{"line":27,"column":null}}],"line":27},"1":{"loc":{"start":{"line":30,"column":2},"end":{"line":30,"column":null}},"type":"default-arg","locations":[{"start":{"line":30,"column":9},"end":{"line":30,"column":null}}],"line":30},"2":{"loc":{"start":{"line":33,"column":2},"end":{"line":33,"column":null}},"type":"default-arg","locations":[{"start":{"line":33,"column":19},"end":{"line":33,"column":null}}],"line":33},"3":{"loc":{"start":{"line":34,"column":2},"end":{"line":34,"column":null}},"type":"default-arg","locations":[{"start":{"line":34,"column":18},"end":{"line":34,"column":null}}],"line":34},"4":{"loc":{"start":{"line":50,"column":19},"end":{"line":54,"column":null}},"type":"binary-expr","locations":[{"start":{"line":50,"column":19},"end":{"line":50,"column":36}},{"start":{"line":50,"column":36},"end":{"line":54,"column":null}}],"line":50},"5":{"loc":{"start":{"line":58,"column":20},"end":{"line":58,"column":50}},"type":"binary-expr","locations":[{"start":{"line":58,"column":20},"end":{"line":58,"column":31}},{"start":{"line":58,"column":31},"end":{"line":58,"column":50}}],"line":58},"6":{"loc":{"start":{"line":63,"column":4},"end":{"line":65,"column":null}},"type":"if","locations":[{"start":{"line":63,"column":4},"end":{"line":65,"column":null}},{"start":{},"end":{}}],"line":63},"7":{"loc":{"start":{"line":63,"column":8},"end":{"line":63,"column":36}},"type":"binary-expr","locations":[{"start":{"line":63,"column":8},"end":{"line":63,"column":29}},{"start":{"line":63,"column":29},"end":{"line":63,"column":36}}],"line":63},"8":{"loc":{"start":{"line":69,"column":4},"end":{"line":71,"column":null}},"type":"if","locations":[{"start":{"line":69,"column":4},"end":{"line":71,"column":null}},{"start":{},"end":{}}],"line":69},"9":{"loc":{"start":{"line":69,"column":8},"end":{"line":69,"column":42}},"type":"binary-expr","locations":[{"start":{"line":69,"column":8},"end":{"line":69,"column":27}},{"start":{"line":69,"column":27},"end":{"line":69,"column":42}}],"line":69},"10":{"loc":{"start":{"line":79,"column":4},"end":{"line":79,"column":null}},"type":"if","locations":[{"start":{"line":79,"column":4},"end":{"line":79,"column":null}},{"start":{},"end":{}}],"line":79},"11":{"loc":{"start":{"line":79,"column":8},"end":{"line":79,"column":51}},"type":"binary-expr","locations":[{"start":{"line":79,"column":8},"end":{"line":79,"column":27}},{"start":{"line":79,"column":27},"end":{"line":79,"column":51}}],"line":79},"12":{"loc":{"start":{"line":95,"column":4},"end":{"line":102,"column":null}},"type":"if","locations":[{"start":{"line":95,"column":4},"end":{"line":102,"column":null}},{"start":{},"end":{}}],"line":95},"13":{"loc":{"start":{"line":98,"column":6},"end":{"line":100,"column":null}},"type":"if","locations":[{"start":{"line":98,"column":6},"end":{"line":100,"column":null}},{"start":{},"end":{}}],"line":98},"14":{"loc":{"start":{"line":98,"column":10},"end":{"line":98,"column":42}},"type":"binary-expr","locations":[{"start":{"line":98,"column":10},"end":{"line":98,"column":19}},{"start":{"line":98,"column":19},"end":{"line":98,"column":42}}],"line":98},"15":{"loc":{"start":{"line":130,"column":15},"end":{"line":130,"column":null}},"type":"cond-expr","locations":[{"start":{"line":130,"column":37},"end":{"line":130,"column":61}},{"start":{"line":130,"column":61},"end":{"line":130,"column":null}}],"line":130},"16":{"loc":{"start":{"line":142,"column":19},"end":{"line":142,"column":null}},"type":"cond-expr","locations":[{"start":{"line":142,"column":31},"end":{"line":142,"column":48}},{"start":{"line":142,"column":48},"end":{"line":142,"column":null}}],"line":142},"17":{"loc":{"start":{"line":154,"column":14},"end":{"line":155,"column":null}},"type":"binary-expr","locations":[{"start":{"line":154,"column":14},"end":{"line":154,"column":null}},{"start":{"line":155,"column":14},"end":{"line":155,"column":null}}],"line":154},"18":{"loc":{"start":{"line":157,"column":34},"end":{"line":157,"column":null}},"type":"binary-expr","locations":[{"start":{"line":157,"column":34},"end":{"line":157,"column":47}},{"start":{"line":157,"column":47},"end":{"line":157,"column":73}},{"start":{"line":157,"column":73},"end":{"line":157,"column":null}}],"line":157},"19":{"loc":{"start":{"line":171,"column":20},"end":{"line":171,"column":null}},"type":"binary-expr","locations":[{"start":{"line":171,"column":20},"end":{"line":171,"column":29}},{"start":{"line":171,"column":29},"end":{"line":171,"column":null}}],"line":171},"20":{"loc":{"start":{"line":207,"column":22},"end":{"line":228,"column":null}},"type":"if","locations":[{"start":{"line":207,"column":22},"end":{"line":228,"column":null}},{"start":{"line":226,"column":29},"end":{"line":228,"column":null}}],"line":207},"21":{"loc":{"start":{"line":208,"column":24},"end":{"line":225,"column":null}},"type":"if","locations":[{"start":{"line":208,"column":24},"end":{"line":225,"column":null}},{"start":{"line":211,"column":31},"end":{"line":225,"column":null}}],"line":208},"22":{"loc":{"start":{"line":211,"column":31},"end":{"line":225,"column":null}},"type":"if","locations":[{"start":{"line":211,"column":31},"end":{"line":225,"column":null}},{"start":{"line":214,"column":31},"end":{"line":225,"column":null}}],"line":211},"23":{"loc":{"start":{"line":214,"column":31},"end":{"line":225,"column":null}},"type":"if","locations":[{"start":{"line":214,"column":31},"end":{"line":225,"column":null}},{"start":{"line":223,"column":31},"end":{"line":225,"column":null}}],"line":214},"24":{"loc":{"start":{"line":217,"column":26},"end":{"line":222,"column":null}},"type":"if","locations":[{"start":{"line":217,"column":26},"end":{"line":222,"column":null}},{"start":{"line":220,"column":33},"end":{"line":222,"column":null}}],"line":217},"25":{"loc":{"start":{"line":223,"column":31},"end":{"line":225,"column":null}},"type":"if","locations":[{"start":{"line":223,"column":31},"end":{"line":225,"column":null}},{"start":{},"end":{}}],"line":223},"26":{"loc":{"start":{"line":230,"column":33},"end":{"line":230,"column":null}},"type":"cond-expr","locations":[{"start":{"line":230,"column":60},"end":{"line":230,"column":76}},{"start":{"line":230,"column":76},"end":{"line":230,"column":null}}],"line":230},"27":{"loc":{"start":{"line":236,"column":17},"end":{"line":259,"column":null}},"type":"binary-expr","locations":[{"start":{"line":236,"column":17},"end":{"line":236,"column":null}},{"start":{"line":237,"column":18},"end":{"line":259,"column":null}}],"line":236},"28":{"loc":{"start":{"line":250,"column":26},"end":{"line":250,"column":null}},"type":"binary-expr","locations":[{"start":{"line":250,"column":26},"end":{"line":250,"column":54}},{"start":{"line":250,"column":54},"end":{"line":250,"column":null}}],"line":250},"29":{"loc":{"start":{"line":260,"column":15},"end":{"line":263,"column":null}},"type":"binary-expr","locations":[{"start":{"line":260,"column":15},"end":{"line":260,"column":28}},{"start":{"line":260,"column":28},"end":{"line":260,"column":null}},{"start":{"line":261,"column":16},"end":{"line":263,"column":null}}],"line":260},"30":{"loc":{"start":{"line":275,"column":11},"end":{"line":284,"column":null}},"type":"binary-expr","locations":[{"start":{"line":275,"column":11},"end":{"line":275,"column":null}},{"start":{"line":276,"column":12},"end":{"line":284,"column":null}}],"line":275},"31":{"loc":{"start":{"line":286,"column":11},"end":{"line":294,"column":null}},"type":"binary-expr","locations":[{"start":{"line":286,"column":11},"end":{"line":286,"column":null}},{"start":{"line":287,"column":12},"end":{"line":294,"column":null}}],"line":286},"32":{"loc":{"start":{"line":296,"column":11},"end":{"line":304,"column":null}},"type":"binary-expr","locations":[{"start":{"line":296,"column":11},"end":{"line":296,"column":null}},{"start":{"line":297,"column":12},"end":{"line":304,"column":null}}],"line":296}},"s":{"0":3,"1":3,"2":77,"3":77,"4":77,"5":77,"6":77,"7":30,"8":77,"9":20,"10":11,"11":77,"12":20,"13":5,"14":77,"15":77,"16":77,"17":77,"18":77,"19":51,"20":39,"21":12,"22":1,"23":12,"24":12,"25":77,"26":4,"27":4,"28":4,"29":4,"30":3,"31":4,"32":77,"33":1,"34":2,"35":77,"36":2,"37":77,"38":77,"39":77,"40":77,"41":77,"42":61,"43":77,"44":77,"45":51,"46":1,"47":4,"48":4,"49":0,"50":0,"51":8,"52":8,"53":8,"54":4,"55":1,"56":1,"57":1,"58":3,"59":1,"60":1,"61":1,"62":2,"63":1,"64":1,"65":1,"66":1,"67":1,"68":0,"69":1,"70":1,"71":4,"72":16,"73":1,"74":1},"f":{"0":77,"1":30,"2":20,"3":20,"4":77,"5":51,"6":1,"7":12,"8":4,"9":1,"10":2,"11":2,"12":77,"13":77,"14":61,"15":51,"16":1,"17":4,"18":0,"19":0,"20":8,"21":8,"22":1,"23":1,"24":16,"25":1},"b":{"0":[77],"1":[77],"2":[77],"3":[77],"4":[77,55],"5":[5,1],"6":[11,9],"7":[20,15],"8":[5,15],"9":[20,5],"10":[39,12],"11":[51,12],"12":[4,0],"13":[3,1],"14":[4,4],"15":[1,76],"16":[0,77],"17":[61,60],"18":[77,13,6],"19":[77,0],"20":[4,4],"21":[1,3],"22":[1,2],"23":[1,1],"24":[1,0],"25":[1,0],"26":[47,30],"27":[77,6],"28":[16,6],"29":[77,0,0],"30":[77,51],"31":[77,61],"32":[77,16]},"meta":{"lastBranch":33,"lastFunction":26,"lastStatement":75,"seen":{"s:1:7:1:56":0,"s:1:56:1:Infinity":1,"f:24:16:24:25":0,"b:27:14:27:Infinity":0,"b:30:9:30:Infinity":1,"b:33:19:33:Infinity":2,"b:34:18:34:Infinity":3,"s:36:34:36:Infinity":2,"s:37:36:37:Infinity":3,"s:38:50:38:Infinity":4,"s:47:6:55:Infinity":5,"b:50:19:50:36:50:36:54:Infinity":4,"s:57:2:59:Infinity":6,"f:57:2:57:18":1,"s:58:4:58:Infinity":7,"b:58:20:58:31:58:31:58:50":5,"s:62:2:66:Infinity":8,"f:62:2:62:18":2,"b:63:4:65:Infinity:undefined:undefined:undefined:undefined":6,"s:63:4:65:Infinity":9,"b:63:8:63:29:63:29:63:36":7,"s:64:6:64:Infinity":10,"s:68:2:72:Infinity":11,"f:68:2:68:18":3,"b:69:4:71:Infinity:undefined:undefined:undefined:undefined":8,"s:69:4:71:Infinity":12,"b:69:8:69:27:69:27:69:42":9,"s:70:6:70:Infinity":13,"s:74:24:74:Infinity":14,"s:75:24:75:Infinity":15,"s:76:2:76:Infinity":16,"f:76:2:76:18":4,"s:76:20:76:55":17,"s:78:2:88:Infinity":18,"f:78:2:78:18":5,"b:79:4:79:Infinity:undefined:undefined:undefined:undefined":10,"s:79:4:79:Infinity":19,"b:79:8:79:27:79:27:79:51":11,"s:79:51:79:Infinity":20,"s:80:18:86:Infinity":21,"f:80:18:80:35":6,"s:81:6:85:Infinity":22,"s:87:4:87:Infinity":23,"f:87:4:87:17":7,"s:87:17:87:Infinity":24,"s:90:23:103:Infinity":25,"f:90:23:90:Infinity":8,"b:95:4:102:Infinity:undefined:undefined:undefined:undefined":12,"s:95:4:102:Infinity":26,"s:96:6:96:Infinity":27,"s:97:20:97:Infinity":28,"b:98:6:100:Infinity:undefined:undefined:undefined:undefined":13,"s:98:6:100:Infinity":29,"b:98:10:98:19:98:19:98:42":14,"s:99:8:99:Infinity":30,"s:101:6:101:Infinity":31,"s:105:26:111:Infinity":32,"f:105:26:105:Infinity":9,"s:110:4:110:Infinity":33,"f:110:18:110:26":10,"s:110:32:110:49":34,"s:113:23:115:Infinity":35,"f:113:23:113:37":11,"s:114:4:114:Infinity":36,"s:117:24:122:Infinity":37,"s:124:2:308:Infinity":38,"b:130:37:130:61:130:61:130:Infinity":15,"f:137:8:137:17":12,"s:138:10:143:Infinity":39,"b:142:31:142:48:142:48:142:Infinity":16,"f:150:8:150:17":13,"s:151:30:151:Infinity":40,"s:152:30:156:Infinity":41,"f:152:44:152:Infinity":14,"s:154:14:155:Infinity":42,"b:154:14:154:Infinity:155:14:155:Infinity":17,"s:157:34:157:Infinity":43,"b:157:34:157:47:157:47:157:73:157:73:157:Infinity":18,"s:159:10:265:Infinity":44,"b:171:20:171:29:171:29:171:Infinity":19,"f:174:31:174:36":15,"s:175:20:187:Infinity":45,"f:182:24:182:39":16,"s:182:39:182:Infinity":46,"f:194:20:194:35":17,"s:195:22:195:Infinity":47,"s:196:22:196:Infinity":48,"f:198:20:198:34":18,"s:200:22:200:Infinity":49,"f:200:22:200:39":19,"s:200:39:200:60":50,"f:202:20:202:31":20,"s:203:22:203:Infinity":51,"s:204:22:204:Infinity":52,"f:206:20:206:32":21,"b:207:22:228:Infinity:226:29:228:Infinity":20,"s:207:22:228:Infinity":53,"b:208:24:225:Infinity:211:31:225:Infinity":21,"s:208:24:225:Infinity":54,"s:209:26:209:Infinity":55,"s:210:26:210:Infinity":56,"f:210:26:210:47":22,"s:210:47:210:87":57,"b:211:31:225:Infinity:214:31:225:Infinity":22,"s:211:31:225:Infinity":58,"s:212:26:212:Infinity":59,"s:213:26:213:Infinity":60,"f:213:26:213:47":23,"s:213:47:213:108":61,"b:214:31:225:Infinity:223:31:225:Infinity":23,"s:214:31:225:Infinity":62,"s:215:26:215:Infinity":63,"s:216:46:216:Infinity":64,"b:217:26:222:Infinity:220:33:222:Infinity":24,"s:217:26:222:Infinity":65,"s:218:28:218:Infinity":66,"s:219:28:219:Infinity":67,"s:221:28:221:Infinity":68,"b:223:31:225:Infinity:undefined:undefined:undefined:undefined":25,"s:223:31:225:Infinity":69,"s:224:26:224:Infinity":70,"s:227:24:227:Infinity":71,"b:230:60:230:76:230:76:230:Infinity":26,"b:236:17:236:Infinity:237:18:259:Infinity":27,"f:241:33:241:38":24,"s:242:22:255:Infinity":72,"f:244:24:244:39":25,"s:245:26:245:Infinity":73,"s:246:26:246:Infinity":74,"b:250:26:250:54:250:54:250:Infinity":28,"b:260:15:260:28:260:28:260:Infinity:261:16:263:Infinity":29,"b:275:11:275:Infinity:276:12:284:Infinity":30,"b:286:11:286:Infinity:287:12:294:Infinity":31,"b:296:11:296:Infinity:297:12:304:Infinity":32},"fnNames":{}}}
,"/Users/sagarpansare/Documents/notes-app/frontend/src/components/presentational/notes/NoteSkeleton.tsx": {"path":"/Users/sagarpansare/Documents/notes-app/frontend/src/components/presentational/notes/NoteSkeleton.tsx","statementMap":{"0":{"start":{"line":1,"column":9},"end":{"line":1,"column":null}},"1":{"start":{"line":8,"column":2},"end":{"line":25,"column":null}},"2":{"start":{"line":9,"column":4},"end":{"line":23,"column":null}},"3":{"start":{"line":27,"column":2},"end":{"line":49,"column":null}}},"fnMap":{"0":{"name":"NoteSkeleton","decl":{"start":{"line":7,"column":16},"end":{"line":7,"column":29}},"loc":{"start":{"line":7,"column":71},"end":{"line":51,"column":null}},"line":7}},"branchMap":{"0":{"loc":{"start":{"line":7,"column":31},"end":{"line":7,"column":71}},"type":"default-arg","locations":[{"start":{"line":7,"column":42},"end":{"line":7,"column":71}}],"line":7},"1":{"loc":{"start":{"line":8,"column":2},"end":{"line":25,"column":null}},"type":"if","locations":[{"start":{"line":8,"column":2},"end":{"line":25,"column":null}},{"start":{},"end":{}}],"line":8}},"s":{"0":1,"1":5,"2":2,"3":3},"f":{"0":5},"b":{"0":[5],"1":[2,3]},"meta":{"lastBranch":2,"lastFunction":1,"lastStatement":4,"seen":{"s:1:9:1:Infinity":0,"f:7:16:7:29":0,"b:7:42:7:71":0,"b:8:2:25:Infinity:undefined:undefined:undefined:undefined":1,"s:8:2:25:Infinity":1,"s:9:4:23:Infinity":2,"s:27:2:49:Infinity":3},"fnNames":{}}}
,"/Users/sagarpansare/Documents/notes-app/frontend/src/components/presentational/notes/NotesToolbar.tsx": {"path":"/Users/sagarpansare/Documents/notes-app/frontend/src/components/presentational/notes/NotesToolbar.tsx","statementMap":{"0":{"start":{"line":1,"column":9},"end":{"line":1,"column":null}},"1":{"start":{"line":1,"column":44},"end":{"line":1,"column":null}},"2":{"start":{"line":52,"column":40},"end":{"line":52,"column":null}},"3":{"start":{"line":54,"column":28},"end":{"line":54,"column":null}},"4":{"start":{"line":55,"column":2},"end":{"line":57,"column":null}},"5":{"start":{"line":56,"column":4},"end":{"line":56,"column":null}},"6":{"start":{"line":59,"column":2},"end":{"line":64,"column":null}},"7":{"start":{"line":60,"column":18},"end":{"line":62,"column":null}},"8":{"start":{"line":61,"column":6},"end":{"line":61,"column":null}},"9":{"start":{"line":63,"column":4},"end":{"line":63,"column":null}},"10":{"start":{"line":63,"column":17},"end":{"line":63,"column":null}},"11":{"start":{"line":66,"column":2},"end":{"line":68,"column":null}},"12":{"start":{"line":67,"column":4},"end":{"line":67,"column":null}},"13":{"start":{"line":70,"column":2},"end":{"line":213,"column":null}},"14":{"start":{"line":79,"column":29},"end":{"line":79,"column":null}},"15":{"start":{"line":90,"column":38},"end":{"line":90,"column":null}},"16":{"start":{"line":94,"column":31},"end":{"line":94,"column":null}},"17":{"start":{"line":100,"column":18},"end":{"line":102,"column":null}},"18":{"start":{"line":109,"column":59},"end":{"line":109,"column":null}},"19":{"start":{"line":113,"column":20},"end":{"line":113,"column":null}},"20":{"start":{"line":113,"column":47},"end":{"line":113,"column":null}},"21":{"start":{"line":114,"column":20},"end":{"line":114,"column":null}},"22":{"start":{"line":114,"column":47},"end":{"line":114,"column":null}},"23":{"start":{"line":115,"column":20},"end":{"line":115,"column":null}},"24":{"start":{"line":115,"column":43},"end":{"line":115,"column":null}},"25":{"start":{"line":116,"column":20},"end":{"line":116,"column":null}},"26":{"start":{"line":132,"column":27},"end":{"line":132,"column":null}},"27":{"start":{"line":148,"column":29},"end":{"line":148,"column":null}},"28":{"start":{"line":159,"column":29},"end":{"line":159,"column":null}},"29":{"start":{"line":173,"column":16},"end":{"line":184,"column":null}},"30":{"start":{"line":187,"column":31},"end":{"line":187,"column":null}},"31":{"start":{"line":193,"column":31},"end":{"line":193,"column":null}}},"fnMap":{"0":{"name":"NotesToolbar","decl":{"start":{"line":36,"column":16},"end":{"line":36,"column":29}},"loc":{"start":{"line":51,"column":22},"end":{"line":215,"column":null}},"line":51},"1":{"name":"(anonymous_1)","decl":{"start":{"line":55,"column":2},"end":{"line":55,"column":18}},"loc":{"start":{"line":55,"column":18},"end":{"line":57,"column":3}},"line":55},"2":{"name":"(anonymous_2)","decl":{"start":{"line":59,"column":2},"end":{"line":59,"column":18}},"loc":{"start":{"line":59,"column":18},"end":{"line":64,"column":5}},"line":59},"3":{"name":"(anonymous_3)","decl":{"start":{"line":60,"column":18},"end":{"line":60,"column":35}},"loc":{"start":{"line":60,"column":35},"end":{"line":62,"column":7}},"line":60},"4":{"name":"(anonymous_4)","decl":{"start":{"line":63,"column":4},"end":{"line":63,"column":17}},"loc":{"start":{"line":63,"column":17},"end":{"line":63,"column":null}},"line":63},"5":{"name":"(anonymous_5)","decl":{"start":{"line":66,"column":2},"end":{"line":66,"column":18}},"loc":{"start":{"line":66,"column":18},"end":{"line":68,"column":5}},"line":66},"6":{"name":"(anonymous_6)","decl":{"start":{"line":79,"column":12},"end":{"line":79,"column":23}},"loc":{"start":{"line":79,"column":29},"end":{"line":79,"column":null}},"line":79},"7":{"name":"(anonymous_7)","decl":{"start":{"line":90,"column":14},"end":{"line":90,"column":30}},"loc":{"start":{"line":90,"column":38},"end":{"line":90,"column":null}},"line":90},"8":{"name":"(anonymous_8)","decl":{"start":{"line":94,"column":20},"end":{"line":94,"column":31}},"loc":{"start":{"line":94,"column":31},"end":{"line":94,"column":null}},"line":94},"9":{"name":"(anonymous_9)","decl":{"start":{"line":99,"column":31},"end":{"line":99,"column":36}},"loc":{"start":{"line":100,"column":18},"end":{"line":102,"column":null}},"line":100},"10":{"name":"(anonymous_10)","decl":{"start":{"line":109,"column":35},"end":{"line":109,"column":51}},"loc":{"start":{"line":109,"column":59},"end":{"line":109,"column":null}},"line":109},"11":{"name":"(anonymous_11)","decl":{"start":{"line":112,"column":20},"end":{"line":112,"column":30}},"loc":{"start":{"line":112,"column":30},"end":{"line":117,"column":null}},"line":112},"12":{"name":"(anonymous_12)","decl":{"start":{"line":132,"column":12},"end":{"line":132,"column":27}},"loc":{"start":{"line":132,"column":27},"end":{"line":132,"column":null}},"line":132},"13":{"name":"(anonymous_13)","decl":{"start":{"line":148,"column":14},"end":{"line":148,"column":29}},"loc":{"start":{"line":148,"column":29},"end":{"line":148,"column":null}},"line":148},"14":{"name":"(anonymous_14)","decl":{"start":{"line":159,"column":14},"end":{"line":159,"column":29}},"loc":{"start":{"line":159,"column":29},"end":{"line":159,"column":null}},"line":159},"15":{"name":"(anonymous_15)","decl":{"start":{"line":172,"column":14},"end":{"line":172,"column":23}},"loc":{"start":{"line":173,"column":16},"end":{"line":184,"column":null}},"line":173},"16":{"name":"(anonymous_16)","decl":{"start":{"line":187,"column":16},"end":{"line":187,"column":31}},"loc":{"start":{"line":187,"column":31},"end":{"line":187,"column":null}},"line":187},"17":{"name":"(anonymous_17)","decl":{"start":{"line":193,"column":16},"end":{"line":193,"column":31}},"loc":{"start":{"line":193,"column":31},"end":{"line":193,"column":null}},"line":193}},"branchMap":{"0":{"loc":{"start":{"line":41,"column":2},"end":{"line":41,"column":null}},"type":"default-arg","locations":[{"start":{"line":41,"column":18},"end":{"line":41,"column":null}}],"line":41},"1":{"loc":{"start":{"line":49,"column":2},"end":{"line":49,"column":null}},"type":"default-arg","locations":[{"start":{"line":49,"column":16},"end":{"line":49,"column":null}}],"line":49},"2":{"loc":{"start":{"line":89,"column":21},"end":{"line":89,"column":null}},"type":"binary-expr","locations":[{"start":{"line":89,"column":21},"end":{"line":89,"column":36}},{"start":{"line":89,"column":36},"end":{"line":89,"column":null}}],"line":89},"3":{"loc":{"start":{"line":90,"column":50},"end":{"line":90,"column":82}},"type":"cond-expr","locations":[{"start":{"line":90,"column":74},"end":{"line":90,"column":79}},{"start":{"line":90,"column":79},"end":{"line":90,"column":82}}],"line":90},"4":{"loc":{"start":{"line":90,"column":50},"end":{"line":90,"column":74}},"type":"binary-expr","locations":[{"start":{"line":90,"column":50},"end":{"line":90,"column":67}},{"start":{"line":90,"column":67},"end":{"line":90,"column":74}}],"line":90},"5":{"loc":{"start":{"line":94,"column":31},"end":{"line":94,"column":null}},"type":"cond-expr","locations":[{"start":{"line":94,"column":49},"end":{"line":94,"column":62}},{"start":{"line":94,"column":62},"end":{"line":94,"column":null}}],"line":94},"6":{"loc":{"start":{"line":109,"column":59},"end":{"line":109,"column":null}},"type":"binary-expr","locations":[{"start":{"line":109,"column":59},"end":{"line":109,"column":66}},{"start":{"line":109,"column":66},"end":{"line":109,"column":null}}],"line":109},"7":{"loc":{"start":{"line":113,"column":20},"end":{"line":113,"column":null}},"type":"if","locations":[{"start":{"line":113,"column":20},"end":{"line":113,"column":null}},{"start":{},"end":{}}],"line":113},"8":{"loc":{"start":{"line":114,"column":20},"end":{"line":114,"column":null}},"type":"if","locations":[{"start":{"line":114,"column":20},"end":{"line":114,"column":null}},{"start":{},"end":{}}],"line":114},"9":{"loc":{"start":{"line":115,"column":20},"end":{"line":115,"column":null}},"type":"if","locations":[{"start":{"line":115,"column":20},"end":{"line":115,"column":null}},{"start":{},"end":{}}],"line":115},"10":{"loc":{"start":{"line":132,"column":45},"end":{"line":132,"column":81}},"type":"cond-expr","locations":[{"start":{"line":132,"column":67},"end":{"line":132,"column":76}},{"start":{"line":132,"column":76},"end":{"line":132,"column":81}}],"line":132},"11":{"loc":{"start":{"line":133,"column":19},"end":{"line":133,"column":null}},"type":"cond-expr","locations":[{"start":{"line":133,"column":41},"end":{"line":133,"column":60}},{"start":{"line":133,"column":60},"end":{"line":133,"column":null}}],"line":133},"12":{"loc":{"start":{"line":136,"column":13},"end":{"line":139,"column":null}},"type":"cond-expr","locations":[{"start":{"line":137,"column":14},"end":{"line":139,"column":15}},{"start":{"line":139,"column":14},"end":{"line":139,"column":null}}],"line":136},"13":{"loc":{"start":{"line":150,"column":129},"end":{"line":152,"column":null}},"type":"cond-expr","locations":[{"start":{"line":151,"column":18},"end":{"line":151,"column":null}},{"start":{"line":152,"column":18},"end":{"line":152,"column":null}}],"line":150},"14":{"loc":{"start":{"line":161,"column":129},"end":{"line":163,"column":null}},"type":"cond-expr","locations":[{"start":{"line":162,"column":18},"end":{"line":162,"column":null}},{"start":{"line":163,"column":18},"end":{"line":163,"column":null}}],"line":161},"15":{"loc":{"start":{"line":201,"column":11},"end":{"line":209,"column":null}},"type":"binary-expr","locations":[{"start":{"line":201,"column":11},"end":{"line":201,"column":null}},{"start":{"line":202,"column":12},"end":{"line":209,"column":null}}],"line":201}},"s":{"0":1,"1":1,"2":15,"3":15,"4":15,"5":14,"6":15,"7":13,"8":1,"9":13,"10":13,"11":15,"12":12,"13":15,"14":1,"15":0,"16":14,"17":30,"18":0,"19":14,"20":14,"21":0,"22":0,"23":0,"24":0,"25":0,"26":2,"27":1,"28":1,"29":37,"30":1,"31":1},"f":{"0":15,"1":14,"2":13,"3":1,"4":13,"5":12,"6":1,"7":0,"8":14,"9":30,"10":0,"11":14,"12":2,"13":1,"14":1,"15":37,"16":1,"17":1},"b":{"0":[15],"1":[15],"2":[15,15],"3":[0,0],"4":[0,0],"5":[14,0],"6":[0,0],"7":[14,0],"8":[0,0],"9":[0,0],"10":[1,1],"11":[1,14],"12":[1,14],"13":[14,1],"14":[1,14],"15":[15,14]},"meta":{"lastBranch":16,"lastFunction":18,"lastStatement":32,"seen":{"s:1:9:1:Infinity":0,"s:1:44:1:Infinity":1,"f:36:16:36:29":0,"b:41:18:41:Infinity":0,"b:49:16:49:Infinity":1,"s:52:40:52:Infinity":2,"s:54:28:54:Infinity":3,"s:55:2:57:Infinity":4,"f:55:2:55:18":1,"s:56:4:56:Infinity":5,"s:59:2:64:Infinity":6,"f:59:2:59:18":2,"s:60:18:62:Infinity":7,"f:60:18:60:35":3,"s:61:6:61:Infinity":8,"s:63:4:63:Infinity":9,"f:63:4:63:17":4,"s:63:17:63:Infinity":10,"s:66:2:68:Infinity":11,"f:66:2:66:18":5,"s:67:4:67:Infinity":12,"s:70:2:213:Infinity":13,"f:79:12:79:23":6,"s:79:29:79:Infinity":14,"b:89:21:89:36:89:36:89:Infinity":2,"f:90:14:90:30":7,"s:90:38:90:Infinity":15,"b:90:74:90:79:90:79:90:82":3,"b:90:50:90:67:90:67:90:74":4,"f:94:20:94:31":8,"s:94:31:94:Infinity":16,"b:94:49:94:62:94:62:94:Infinity":5,"f:99:31:99:36":9,"s:100:18:102:Infinity":17,"f:109:35:109:51":10,"s:109:59:109:Infinity":18,"b:109:59:109:66:109:66:109:Infinity":6,"f:112:20:112:30":11,"b:113:20:113:Infinity:undefined:undefined:undefined:undefined":7,"s:113:20:113:Infinity":19,"s:113:47:113:Infinity":20,"b:114:20:114:Infinity:undefined:undefined:undefined:undefined":8,"s:114:20:114:Infinity":21,"s:114:47:114:Infinity":22,"b:115:20:115:Infinity:undefined:undefined:undefined:undefined":9,"s:115:20:115:Infinity":23,"s:115:43:115:Infinity":24,"s:116:20:116:Infinity":25,"f:132:12:132:27":12,"s:132:27:132:Infinity":26,"b:132:67:132:76:132:76:132:81":10,"b:133:41:133:60:133:60:133:Infinity":11,"b:137:14:139:15:139:14:139:Infinity":12,"f:148:14:148:29":13,"s:148:29:148:Infinity":27,"b:151:18:151:Infinity:152:18:152:Infinity":13,"f:159:14:159:29":14,"s:159:29:159:Infinity":28,"b:162:18:162:Infinity:163:18:163:Infinity":14,"f:172:14:172:23":15,"s:173:16:184:Infinity":29,"f:187:16:187:31":16,"s:187:31:187:Infinity":30,"f:193:16:193:31":17,"s:193:31:193:Infinity":31,"b:201:11:201:Infinity:202:12:209:Infinity":15},"fnNames":{}}}
,"/Users/sagarpansare/Documents/notes-app/frontend/src/components/presentational/notes/index.ts": {"path":"/Users/sagarpansare/Documents/notes-app/frontend/src/components/presentational/notes/index.ts","statementMap":{},"fnMap":{},"branchMap":{},"s":{},"f":{},"b":{},"meta":{"lastBranch":0,"lastFunction":0,"lastStatement":0,"seen":{},"fnNames":{}}}
,"/Users/sagarpansare/Documents/notes-app/frontend/src/components/presentational/tags/TagsGrid.tsx": {"path":"/Users/sagarpansare/Documents/notes-app/frontend/src/components/presentational/tags/TagsGrid.tsx","statementMap":{"0":{"start":{"line":1,"column":16},"end":{"line":1,"column":null}},"1":{"start":{"line":26,"column":2},"end":{"line":40,"column":null}},"2":{"start":{"line":27,"column":4},"end":{"line":38,"column":null}},"3":{"start":{"line":30,"column":10},"end":{"line":36,"column":null}},"4":{"start":{"line":42,"column":2},"end":{"line":48,"column":null}},"5":{"start":{"line":43,"column":4},"end":{"line":46,"column":null}},"6":{"start":{"line":50,"column":2},"end":{"line":60,"column":null}},"7":{"start":{"line":51,"column":4},"end":{"line":58,"column":null}},"8":{"start":{"line":62,"column":2},"end":{"line":86,"column":null}},"9":{"start":{"line":65,"column":8},"end":{"line":84,"column":null}},"10":{"start":{"line":69,"column":25},"end":{"line":69,"column":null}}},"fnMap":{"0":{"name":"TagsGrid","decl":{"start":{"line":18,"column":16},"end":{"line":18,"column":25}},"loc":{"start":{"line":25,"column":18},"end":{"line":88,"column":null}},"line":25},"1":{"name":"(anonymous_1)","decl":{"start":{"line":29,"column":35},"end":{"line":29,"column":40}},"loc":{"start":{"line":30,"column":10},"end":{"line":36,"column":null}},"line":30},"2":{"name":"(anonymous_2)","decl":{"start":{"line":64,"column":12},"end":{"line":64,"column":17}},"loc":{"start":{"line":65,"column":8},"end":{"line":84,"column":null}},"line":65},"3":{"name":"(anonymous_3)","decl":{"start":{"line":69,"column":10},"end":{"line":69,"column":25}},"loc":{"start":{"line":69,"column":25},"end":{"line":69,"column":null}},"line":69}},"branchMap":{"0":{"loc":{"start":{"line":26,"column":2},"end":{"line":40,"column":null}},"type":"if","locations":[{"start":{"line":26,"column":2},"end":{"line":40,"column":null}},{"start":{},"end":{}}],"line":26},"1":{"loc":{"start":{"line":42,"column":2},"end":{"line":48,"column":null}},"type":"if","locations":[{"start":{"line":42,"column":2},"end":{"line":48,"column":null}},{"start":{},"end":{}}],"line":42},"2":{"loc":{"start":{"line":45,"column":29},"end":{"line":45,"column":79}},"type":"binary-expr","locations":[{"start":{"line":45,"column":29},"end":{"line":45,"column":47}},{"start":{"line":45,"column":47},"end":{"line":45,"column":79}}],"line":45},"3":{"loc":{"start":{"line":50,"column":2},"end":{"line":60,"column":null}},"type":"if","locations":[{"start":{"line":50,"column":2},"end":{"line":60,"column":null}},{"start":{},"end":{}}],"line":50},"4":{"loc":{"start":{"line":50,"column":6},"end":{"line":50,"column":34}},"type":"binary-expr","locations":[{"start":{"line":50,"column":6},"end":{"line":50,"column":15}},{"start":{"line":50,"column":15},"end":{"line":50,"column":34}}],"line":50},"5":{"loc":{"start":{"line":81,"column":15},"end":{"line":81,"column":34}},"type":"binary-expr","locations":[{"start":{"line":81,"column":15},"end":{"line":81,"column":32}},{"start":{"line":81,"column":32},"end":{"line":81,"column":34}}],"line":81},"6":{"loc":{"start":{"line":81,"column":36},"end":{"line":81,"column":null}},"type":"cond-expr","locations":[{"start":{"line":81,"column":58},"end":{"line":81,"column":67}},{"start":{"line":81,"column":67},"end":{"line":81,"column":null}}],"line":81}},"s":{"0":2,"1":8,"2":2,"3":16,"4":6,"5":2,"6":4,"7":2,"8":2,"9":6,"10":2},"f":{"0":8,"1":16,"2":6,"3":2},"b":{"0":[2,6],"1":[2,4],"2":[2,0],"3":[2,2],"4":[4,4],"5":[6,0],"6":[2,4]},"meta":{"lastBranch":7,"lastFunction":4,"lastStatement":11,"seen":{"s:1:16:1:Infinity":0,"f:18:16:18:25":0,"b:26:2:40:Infinity:undefined:undefined:undefined:undefined":0,"s:26:2:40:Infinity":1,"s:27:4:38:Infinity":2,"f:29:35:29:40":1,"s:30:10:36:Infinity":3,"b:42:2:48:Infinity:undefined:undefined:undefined:undefined":1,"s:42:2:48:Infinity":4,"s:43:4:46:Infinity":5,"b:45:29:45:47:45:47:45:79":2,"b:50:2:60:Infinity:undefined:undefined:undefined:undefined":3,"s:50:2:60:Infinity":6,"b:50:6:50:15:50:15:50:34":4,"s:51:4:58:Infinity":7,"s:62:2:86:Infinity":8,"f:64:12:64:17":2,"s:65:8:84:Infinity":9,"f:69:10:69:25":3,"s:69:25:69:Infinity":10,"b:81:15:81:32:81:32:81:34":5,"b:81:58:81:67:81:67:81:Infinity":6},"fnNames":{}}}
,"/Users/sagarpansare/Documents/notes-app/frontend/src/components/presentational/tags/index.ts": {"path":"/Users/sagarpansare/Documents/notes-app/frontend/src/components/presentational/tags/index.ts","statementMap":{},"fnMap":{},"branchMap":{},"s":{},"f":{},"b":{},"meta":{"lastBranch":0,"lastFunction":0,"lastStatement":0,"seen":{},"fnNames":{}}}
,"/Users/sagarpansare/Documents/notes-app/frontend/src/components/presentational/trash/TrashCard.tsx": {"path":"/Users/sagarpansare/Documents/notes-app/frontend/src/components/presentational/trash/TrashCard.tsx","statementMap":{"0":{"start":{"line":1,"column":9},"end":{"line":1,"column":null}},"1":{"start":{"line":1,"column":25},"end":{"line":1,"column":null}},"2":{"start":{"line":31,"column":44},"end":{"line":31,"column":null}},"3":{"start":{"line":32,"column":27},"end":{"line":32,"column":null}},"4":{"start":{"line":33,"column":23},"end":{"line":33,"column":null}},"5":{"start":{"line":35,"column":8},"end":{"line":37,"column":null}},"6":{"start":{"line":36,"column":4},"end":{"line":36,"column":null}},"7":{"start":{"line":39,"column":8},"end":{"line":42,"column":null}},"8":{"start":{"line":40,"column":4},"end":{"line":40,"column":null}},"9":{"start":{"line":41,"column":4},"end":{"line":41,"column":null}},"10":{"start":{"line":44,"column":2},"end":{"line":129,"column":null}},"11":{"start":{"line":74,"column":29},"end":{"line":74,"column":null}},"12":{"start":{"line":114,"column":29},"end":{"line":114,"column":null}}},"fnMap":{"0":{"name":"TrashCard","decl":{"start":{"line":24,"column":16},"end":{"line":24,"column":26}},"loc":{"start":{"line":30,"column":19},"end":{"line":131,"column":null}},"line":30},"1":{"name":"(anonymous_1)","decl":{"start":{"line":35,"column":8},"end":{"line":35,"column":34}},"loc":{"start":{"line":35,"column":34},"end":{"line":37,"column":null}},"line":35},"2":{"name":"(anonymous_2)","decl":{"start":{"line":39,"column":8},"end":{"line":39,"column":36}},"loc":{"start":{"line":39,"column":36},"end":{"line":42,"column":null}},"line":39},"3":{"name":"(anonymous_3)","decl":{"start":{"line":74,"column":14},"end":{"line":74,"column":29}},"loc":{"start":{"line":74,"column":29},"end":{"line":74,"column":null}},"line":74},"4":{"name":"(anonymous_4)","decl":{"start":{"line":114,"column":14},"end":{"line":114,"column":29}},"loc":{"start":{"line":114,"column":29},"end":{"line":114,"column":null}},"line":114}},"branchMap":{"0":{"loc":{"start":{"line":28,"column":2},"end":{"line":28,"column":null}},"type":"default-arg","locations":[{"start":{"line":28,"column":16},"end":{"line":28,"column":null}}],"line":28},"1":{"loc":{"start":{"line":29,"column":2},"end":{"line":29,"column":null}},"type":"default-arg","locations":[{"start":{"line":29,"column":15},"end":{"line":29,"column":null}}],"line":29},"2":{"loc":{"start":{"line":56,"column":13},"end":{"line":56,"column":null}},"type":"binary-expr","locations":[{"start":{"line":56,"column":13},"end":{"line":56,"column":33}},{"start":{"line":56,"column":33},"end":{"line":56,"column":null}}],"line":56},"3":{"loc":{"start":{"line":72,"column":24},"end":{"line":72,"column":null}},"type":"binary-expr","locations":[{"start":{"line":72,"column":24},"end":{"line":72,"column":39}},{"start":{"line":72,"column":39},"end":{"line":72,"column":null}}],"line":72},"4":{"loc":{"start":{"line":83,"column":24},"end":{"line":83,"column":null}},"type":"binary-expr","locations":[{"start":{"line":83,"column":24},"end":{"line":83,"column":39}},{"start":{"line":83,"column":39},"end":{"line":83,"column":null}}],"line":83}},"s":{"0":3,"1":3,"2":21,"3":21,"4":21,"5":21,"6":3,"7":21,"8":2,"9":2,"10":21,"11":2,"12":1},"f":{"0":21,"1":3,"2":2,"3":2,"4":1},"b":{"0":[21],"1":[21],"2":[21,0],"3":[21,21],"4":[21,21]},"meta":{"lastBranch":5,"lastFunction":5,"lastStatement":13,"seen":{"s:1:9:1:Infinity":0,"s:1:25:1:Infinity":1,"f:24:16:24:26":0,"b:28:16:28:Infinity":0,"b:29:15:29:Infinity":1,"s:31:44:31:Infinity":2,"s:32:27:32:Infinity":3,"s:33:23:33:Infinity":4,"s:35:8:37:Infinity":5,"f:35:8:35:34":1,"s:36:4:36:Infinity":6,"s:39:8:42:Infinity":7,"f:39:8:39:36":2,"s:40:4:40:Infinity":8,"s:41:4:41:Infinity":9,"s:44:2:129:Infinity":10,"b:56:13:56:33:56:33:56:Infinity":2,"b:72:24:72:39:72:39:72:Infinity":3,"f:74:14:74:29":3,"s:74:29:74:Infinity":11,"b:83:24:83:39:83:39:83:Infinity":4,"f:114:14:114:29":4,"s:114:29:114:Infinity":12},"fnNames":{}}}
,"/Users/sagarpansare/Documents/notes-app/frontend/src/components/presentational/trash/TrashGrid.tsx": {"path":"/Users/sagarpansare/Documents/notes-app/frontend/src/components/presentational/trash/TrashGrid.tsx","statementMap":{"0":{"start":{"line":1,"column":9},"end":{"line":1,"column":null}},"1":{"start":{"line":1,"column":25},"end":{"line":1,"column":null}},"2":{"start":{"line":46,"column":44},"end":{"line":46,"column":null}},"3":{"start":{"line":48,"column":8},"end":{"line":51,"column":null}},"4":{"start":{"line":49,"column":4},"end":{"line":49,"column":null}},"5":{"start":{"line":50,"column":4},"end":{"line":50,"column":null}},"6":{"start":{"line":53,"column":2},"end":{"line":74,"column":null}},"7":{"start":{"line":54,"column":4},"end":{"line":72,"column":null}},"8":{"start":{"line":57,"column":10},"end":{"line":70,"column":null}},"9":{"start":{"line":76,"column":2},"end":{"line":82,"column":null}},"10":{"start":{"line":77,"column":4},"end":{"line":80,"column":null}},"11":{"start":{"line":84,"column":2},"end":{"line":94,"column":null}},"12":{"start":{"line":85,"column":4},"end":{"line":92,"column":null}},"13":{"start":{"line":96,"column":2},"end":{"line":166,"column":null}},"14":{"start":{"line":108,"column":25},"end":{"line":108,"column":null}},"15":{"start":{"line":119,"column":10},"end":{"line":126,"column":null}},"16":{"start":{"line":151,"column":29},"end":{"line":151,"column":null}}},"fnMap":{"0":{"name":"TrashGrid","decl":{"start":{"line":33,"column":16},"end":{"line":33,"column":26}},"loc":{"start":{"line":45,"column":19},"end":{"line":168,"column":null}},"line":45},"1":{"name":"(anonymous_1)","decl":{"start":{"line":48,"column":8},"end":{"line":48,"column":40}},"loc":{"start":{"line":48,"column":40},"end":{"line":51,"column":null}},"line":48},"2":{"name":"(anonymous_2)","decl":{"start":{"line":56,"column":35},"end":{"line":56,"column":40}},"loc":{"start":{"line":57,"column":10},"end":{"line":70,"column":null}},"line":57},"3":{"name":"(anonymous_3)","decl":{"start":{"line":108,"column":10},"end":{"line":108,"column":25}},"loc":{"start":{"line":108,"column":25},"end":{"line":108,"column":null}},"line":108},"4":{"name":"(anonymous_4)","decl":{"start":{"line":118,"column":15},"end":{"line":118,"column":20}},"loc":{"start":{"line":119,"column":10},"end":{"line":126,"column":null}},"line":119},"5":{"name":"(anonymous_5)","decl":{"start":{"line":151,"column":14},"end":{"line":151,"column":29}},"loc":{"start":{"line":151,"column":29},"end":{"line":151,"column":null}},"line":151}},"branchMap":{"0":{"loc":{"start":{"line":44,"column":2},"end":{"line":44,"column":null}},"type":"default-arg","locations":[{"start":{"line":44,"column":15},"end":{"line":44,"column":null}}],"line":44},"1":{"loc":{"start":{"line":53,"column":2},"end":{"line":74,"column":null}},"type":"if","locations":[{"start":{"line":53,"column":2},"end":{"line":74,"column":null}},{"start":{},"end":{}}],"line":53},"2":{"loc":{"start":{"line":76,"column":2},"end":{"line":82,"column":null}},"type":"if","locations":[{"start":{"line":76,"column":2},"end":{"line":82,"column":null}},{"start":{},"end":{}}],"line":76},"3":{"loc":{"start":{"line":79,"column":29},"end":{"line":79,"column":88}},"type":"binary-expr","locations":[{"start":{"line":79,"column":29},"end":{"line":79,"column":47}},{"start":{"line":79,"column":47},"end":{"line":79,"column":88}}],"line":79},"4":{"loc":{"start":{"line":84,"column":2},"end":{"line":94,"column":null}},"type":"if","locations":[{"start":{"line":84,"column":2},"end":{"line":94,"column":null}},{"start":{},"end":{}}],"line":84},"5":{"loc":{"start":{"line":84,"column":6},"end":{"line":84,"column":36}},"type":"binary-expr","locations":[{"start":{"line":84,"column":6},"end":{"line":84,"column":16}},{"start":{"line":84,"column":16},"end":{"line":84,"column":36}}],"line":84},"6":{"loc":{"start":{"line":101,"column":26},"end":{"line":101,"column":64}},"type":"cond-expr","locations":[{"start":{"line":101,"column":47},"end":{"line":101,"column":56}},{"start":{"line":101,"column":56},"end":{"line":101,"column":64}}],"line":101}},"s":{"0":2,"1":2,"2":12,"3":12,"4":2,"5":2,"6":12,"7":2,"8":8,"9":10,"10":1,"11":9,"12":1,"13":8,"14":2,"15":11,"16":0},"f":{"0":12,"1":2,"2":8,"3":2,"4":11,"5":0},"b":{"0":[12],"1":[2,10],"2":[1,9],"3":[1,0],"4":[1,8],"5":[9,9],"6":[5,3]},"meta":{"lastBranch":7,"lastFunction":6,"lastStatement":17,"seen":{"s:1:9:1:Infinity":0,"s:1:25:1:Infinity":1,"f:33:16:33:26":0,"b:44:15:44:Infinity":0,"s:46:44:46:Infinity":2,"s:48:8:51:Infinity":3,"f:48:8:48:40":1,"s:49:4:49:Infinity":4,"s:50:4:50:Infinity":5,"b:53:2:74:Infinity:undefined:undefined:undefined:undefined":1,"s:53:2:74:Infinity":6,"s:54:4:72:Infinity":7,"f:56:35:56:40":2,"s:57:10:70:Infinity":8,"b:76:2:82:Infinity:undefined:undefined:undefined:undefined":2,"s:76:2:82:Infinity":9,"s:77:4:80:Infinity":10,"b:79:29:79:47:79:47:79:88":3,"b:84:2:94:Infinity:undefined:undefined:undefined:undefined":4,"s:84:2:94:Infinity":11,"b:84:6:84:16:84:16:84:36":5,"s:85:4:92:Infinity":12,"s:96:2:166:Infinity":13,"b:101:47:101:56:101:56:101:64":6,"f:108:10:108:25":3,"s:108:25:108:Infinity":14,"f:118:15:118:20":4,"s:119:10:126:Infinity":15,"f:151:14:151:29":5,"s:151:29:151:Infinity":16},"fnNames":{}}}
,"/Users/sagarpansare/Documents/notes-app/frontend/src/components/presentational/trash/index.ts": {"path":"/Users/sagarpansare/Documents/notes-app/frontend/src/components/presentational/trash/index.ts","statementMap":{},"fnMap":{},"branchMap":{},"s":{},"f":{},"b":{},"meta":{"lastBranch":0,"lastFunction":0,"lastStatement":0,"seen":{},"fnNames":{}}}
,"/Users/sagarpansare/Documents/notes-app/frontend/src/hooks/use-create-note.ts": {"path":"/Users/sagarpansare/Documents/notes-app/frontend/src/hooks/use-create-note.ts","statementMap":{"0":{"start":{"line":8,"column":22},"end":{"line":8,"column":null}},"1":{"start":{"line":10,"column":2},"end":{"line":86,"column":null}},"2":{"start":{"line":12,"column":6},"end":{"line":31,"column":null}},"3":{"start":{"line":13,"column":23},"end":{"line":13,"column":null}},"4":{"start":{"line":14,"column":31},"end":{"line":21,"column":null}},"5":{"start":{"line":22,"column":8},"end":{"line":22,"column":null}},"6":{"start":{"line":23,"column":8},"end":{"line":29,"column":null}},"7":{"start":{"line":30,"column":8},"end":{"line":30,"column":null}},"8":{"start":{"line":32,"column":6},"end":{"line":32,"column":null}},"9":{"start":{"line":35,"column":6},"end":{"line":35,"column":null}},"10":{"start":{"line":37,"column":35},"end":{"line":37,"column":null}},"11":{"start":{"line":39,"column":35},"end":{"line":46,"column":null}},"12":{"start":{"line":48,"column":6},"end":{"line":55,"column":null}},"13":{"start":{"line":49,"column":8},"end":{"line":49,"column":null}},"14":{"start":{"line":49,"column":22},"end":{"line":49,"column":null}},"15":{"start":{"line":50,"column":8},"end":{"line":54,"column":null}},"16":{"start":{"line":57,"column":6},"end":{"line":57,"column":null}},"17":{"start":{"line":60,"column":6},"end":{"line":60,"column":null}},"18":{"start":{"line":61,"column":6},"end":{"line":65,"column":null}},"19":{"start":{"line":62,"column":8},"end":{"line":62,"column":null}},"20":{"start":{"line":64,"column":8},"end":{"line":64,"column":null}},"21":{"start":{"line":66,"column":6},"end":{"line":66,"column":null}},"22":{"start":{"line":69,"column":18},"end":{"line":69,"column":null}},"23":{"start":{"line":70,"column":22},"end":{"line":70,"column":null}},"24":{"start":{"line":71,"column":6},"end":{"line":71,"column":null}},"25":{"start":{"line":73,"column":6},"end":{"line":77,"column":null}},"26":{"start":{"line":74,"column":8},"end":{"line":76,"column":null}},"27":{"start":{"line":75,"column":10},"end":{"line":75,"column":null}},"28":{"start":{"line":80,"column":6},"end":{"line":84,"column":null}},"29":{"start":{"line":81,"column":8},"end":{"line":81,"column":null}},"30":{"start":{"line":82,"column":8},"end":{"line":82,"column":null}},"31":{"start":{"line":83,"column":8},"end":{"line":83,"column":null}}},"fnMap":{"0":{"name":"useCreateNote","decl":{"start":{"line":7,"column":16},"end":{"line":7,"column":30}},"loc":{"start":{"line":7,"column":68},"end":{"line":87,"column":null}},"line":7},"1":{"name":"(anonymous_1)","decl":{"start":{"line":11,"column":16},"end":{"line":11,"column":23}},"loc":{"start":{"line":11,"column":50},"end":{"line":33,"column":null}},"line":11},"2":{"name":"(anonymous_2)","decl":{"start":{"line":34,"column":14},"end":{"line":34,"column":21}},"loc":{"start":{"line":34,"column":38},"end":{"line":58,"column":null}},"line":34},"3":{"name":"(anonymous_3)","decl":{"start":{"line":48,"column":27},"end":{"line":48,"column":36}},"loc":{"start":{"line":48,"column":60},"end":{"line":55,"column":7}},"line":48},"4":{"name":"(anonymous_4)","decl":{"start":{"line":59,"column":4},"end":{"line":59,"column":16}},"loc":{"start":{"line":59,"column":25},"end":{"line":67,"column":null}},"line":59},"5":{"name":"(anonymous_5)","decl":{"start":{"line":68,"column":4},"end":{"line":68,"column":14}},"loc":{"start":{"line":68,"column":54},"end":{"line":78,"column":null}},"line":68},"6":{"name":"(anonymous_6)","decl":{"start":{"line":74,"column":37},"end":{"line":74,"column":46}},"loc":{"start":{"line":74,"column":71},"end":{"line":76,"column":9}},"line":74},"7":{"name":"(anonymous_7)","decl":{"start":{"line":79,"column":4},"end":{"line":79,"column":21}},"loc":{"start":{"line":79,"column":21},"end":{"line":85,"column":null}},"line":79}},"branchMap":{"0":{"loc":{"start":{"line":12,"column":6},"end":{"line":31,"column":null}},"type":"if","locations":[{"start":{"line":12,"column":6},"end":{"line":31,"column":null}},{"start":{},"end":{}}],"line":12},"1":{"loc":{"start":{"line":18,"column":16},"end":{"line":18,"column":null}},"type":"binary-expr","locations":[{"start":{"line":18,"column":16},"end":{"line":18,"column":30}},{"start":{"line":18,"column":30},"end":{"line":18,"column":null}}],"line":18},"2":{"loc":{"start":{"line":43,"column":14},"end":{"line":43,"column":null}},"type":"binary-expr","locations":[{"start":{"line":43,"column":14},"end":{"line":43,"column":35}},{"start":{"line":43,"column":35},"end":{"line":43,"column":null}}],"line":43},"3":{"loc":{"start":{"line":49,"column":8},"end":{"line":49,"column":null}},"type":"if","locations":[{"start":{"line":49,"column":8},"end":{"line":49,"column":null}},{"start":{},"end":{}}],"line":49},"4":{"loc":{"start":{"line":61,"column":6},"end":{"line":65,"column":null}},"type":"if","locations":[{"start":{"line":61,"column":6},"end":{"line":65,"column":null}},{"start":{"line":63,"column":13},"end":{"line":65,"column":null}}],"line":61},"5":{"loc":{"start":{"line":70,"column":22},"end":{"line":70,"column":null}},"type":"binary-expr","locations":[{"start":{"line":70,"column":22},"end":{"line":70,"column":53}},{"start":{"line":70,"column":53},"end":{"line":70,"column":null}}],"line":70},"6":{"loc":{"start":{"line":73,"column":6},"end":{"line":77,"column":null}},"type":"if","locations":[{"start":{"line":73,"column":6},"end":{"line":77,"column":null}},{"start":{},"end":{}}],"line":73},"7":{"loc":{"start":{"line":80,"column":6},"end":{"line":84,"column":null}},"type":"if","locations":[{"start":{"line":80,"column":6},"end":{"line":84,"column":null}},{"start":{},"end":{}}],"line":80}},"s":{"0":4,"1":4,"2":2,"3":0,"4":0,"5":0,"6":0,"7":0,"8":2,"9":2,"10":2,"11":2,"12":2,"13":0,"14":0,"15":0,"16":2,"17":1,"18":1,"19":1,"20":0,"21":1,"22":1,"23":1,"24":1,"25":1,"26":1,"27":0,"28":2,"29":2,"30":2,"31":2},"f":{"0":4,"1":2,"2":2,"3":0,"4":1,"5":1,"6":0,"7":2},"b":{"0":[0,2],"1":[0,0],"2":[2,0],"3":[0,0],"4":[1,0],"5":[1,0],"6":[1,0],"7":[2,0]},"meta":{"lastBranch":8,"lastFunction":8,"lastStatement":32,"seen":{"f:7:16:7:30":0,"s:8:22:8:Infinity":0,"s:10:2:86:Infinity":1,"f:11:16:11:23":1,"b:12:6:31:Infinity:undefined:undefined:undefined:undefined":0,"s:12:6:31:Infinity":2,"s:13:23:13:Infinity":3,"s:14:31:21:Infinity":4,"b:18:16:18:30:18:30:18:Infinity":1,"s:22:8:22:Infinity":5,"s:23:8:29:Infinity":6,"s:30:8:30:Infinity":7,"s:32:6:32:Infinity":8,"f:34:14:34:21":2,"s:35:6:35:Infinity":9,"s:37:35:37:Infinity":10,"s:39:35:46:Infinity":11,"b:43:14:43:35:43:35:43:Infinity":2,"s:48:6:55:Infinity":12,"f:48:27:48:36":3,"b:49:8:49:Infinity:undefined:undefined:undefined:undefined":3,"s:49:8:49:Infinity":13,"s:49:22:49:Infinity":14,"s:50:8:54:Infinity":15,"s:57:6:57:Infinity":16,"f:59:4:59:16":4,"s:60:6:60:Infinity":17,"b:61:6:65:Infinity:63:13:65:Infinity":4,"s:61:6:65:Infinity":18,"s:62:8:62:Infinity":19,"s:64:8:64:Infinity":20,"s:66:6:66:Infinity":21,"f:68:4:68:14":5,"s:69:18:69:Infinity":22,"s:70:22:70:Infinity":23,"b:70:22:70:53:70:53:70:Infinity":5,"s:71:6:71:Infinity":24,"b:73:6:77:Infinity:undefined:undefined:undefined:undefined":6,"s:73:6:77:Infinity":25,"s:74:8:76:Infinity":26,"f:74:37:74:46":6,"s:75:10:75:Infinity":27,"f:79:4:79:21":7,"b:80:6:84:Infinity:undefined:undefined:undefined:undefined":7,"s:80:6:84:Infinity":28,"s:81:8:81:Infinity":29,"s:82:8:82:Infinity":30,"s:83:8:83:Infinity":31},"fnNames":{}}}
[...]
,"/Users/sagarpansare/Documents/notes-app/frontend/src/hooks/useNotesFilters.ts": {"path":"/Users/sagarpansare/Documents/notes-app/frontend/src/hooks/useNotesFilters.ts","statementMap":{"0":{"start":{"line":3,"column":18},"end":{"line":3,"column":null}},"1":{"start":{"line":6,"column":42},"end":{"line":6,"column":null}},"2":{"start":{"line":8,"column":17},"end":{"line":8,"column":null}},"3":{"start":{"line":9,"column":22},"end":{"line":9,"column":null}},"4":{"start":{"line":10,"column":17},"end":{"line":10,"column":null}},"5":{"start":{"line":11,"column":21},"end":{"line":11,"column":null}},"6":{"start":{"line":12,"column":20},"end":{"line":12,"column":null}},"7":{"start":{"line":13,"column":15},"end":{"line":13,"column":null}},"8":{"start":{"line":14,"column":16},"end":{"line":14,"column":null}},"9":{"start":{"line":17,"column":8},"end":{"line":25,"column":null}},"10":{"start":{"line":18,"column":4},"end":{"line":24,"column":null}},"11":{"start":{"line":19,"column":19},"end":{"line":19,"column":null}},"12":{"start":{"line":20,"column":6},"end":{"line":21,"column":null}},"13":{"start":{"line":20,"column":15},"end":{"line":20,"column":null}},"14":{"start":{"line":21,"column":11},"end":{"line":21,"column":null}},"15":{"start":{"line":22,"column":6},"end":{"line":22,"column":null}},"16":{"start":{"line":22,"column":21},"end":{"line":22,"column":null}},"17":{"start":{"line":23,"column":6},"end":{"line":23,"column":null}},"18":{"start":{"line":27,"column":8},"end":{"line":27,"column":null}},"19":{"start":{"line":27,"column":37},"end":{"line":27,"column":null}},"20":{"start":{"line":28,"column":8},"end":{"line":28,"column":null}},"21":{"start":{"line":28,"column":42},"end":{"line":28,"column":null}},"22":{"start":{"line":30,"column":8},"end":{"line":37,"column":null}},"23":{"start":{"line":31,"column":4},"end":{"line":36,"column":null}},"24":{"start":{"line":32,"column":19},"end":{"line":32,"column":null}},"25":{"start":{"line":33,"column":6},"end":{"line":33,"column":null}},"26":{"start":{"line":34,"column":6},"end":{"line":34,"column":null}},"27":{"start":{"line":35,"column":6},"end":{"line":35,"column":null}},"28":{"start":{"line":39,"column":8},"end":{"line":46,"column":null}},"29":{"start":{"line":40,"column":4},"end":{"line":45,"column":null}},"30":{"start":{"line":41,"column":19},"end":{"line":41,"column":null}},"31":{"start":{"line":42,"column":6},"end":{"line":42,"column":null}},"32":{"start":{"line":43,"column":6},"end":{"line":43,"column":null}},"33":{"start":{"line":44,"column":6},"end":{"line":44,"column":null}},"34":{"start":{"line":48,"column":8},"end":{"line":54,"column":null}},"35":{"start":{"line":49,"column":4},"end":{"line":53,"column":null}},"36":{"start":{"line":50,"column":19},"end":{"line":50,"column":null}},"37":{"start":{"line":51,"column":6},"end":{"line":51,"column":null}},"38":{"start":{"line":52,"column":6},"end":{"line":52,"column":null}},"39":{"start":{"line":56,"column":8},"end":{"line":63,"column":null}},"40":{"start":{"line":57,"column":4},"end":{"line":62,"column":null}},"41":{"start":{"line":58,"column":19},"end":{"line":58,"column":null}},"42":{"start":{"line":59,"column":6},"end":{"line":60,"column":null}},"43":{"start":{"line":59,"column":20},"end":{"line":59,"column":null}},"44":{"start":{"line":60,"column":11},"end":{"line":60,"column":null}},"45":{"start":{"line":61,"column":6},"end":{"line":61,"column":null}},"46":{"start":{"line":65,"column":8},"end":{"line":73,"column":null}},"47":{"start":{"line":66,"column":4},"end":{"line":72,"column":null}},"48":{"start":{"line":67,"column":19},"end":{"line":67,"column":null}},"49":{"start":{"line":68,"column":6},"end":{"line":68,"column":null}},"50":{"start":{"line":69,"column":6},"end":{"line":69,"column":null}},"51":{"start":{"line":70,"column":6},"end":{"line":70,"column":null}},"52":{"start":{"line":71,"column":6},"end":{"line":71,"column":null}},"53":{"start":{"line":75,"column":21},"end":{"line":75,"column":null}},"54":{"start":{"line":77,"column":2},"end":{"line":93,"column":null}}},"fnMap":{"0":{"name":"useNotesFilters","decl":{"start":{"line":5,"column":16},"end":{"line":5,"column":34}},"loc":{"start":{"line":5,"column":34},"end":{"line":94,"column":null}},"line":5},"1":{"name":"(anonymous_1)","decl":{"start":{"line":17,"column":8},"end":{"line":17,"column":20}},"loc":{"start":{"line":17,"column":68},"end":{"line":25,"column":null}},"line":17},"2":{"name":"(anonymous_2)","decl":{"start":{"line":18,"column":4},"end":{"line":18,"column":21}},"loc":{"start":{"line":18,"column":30},"end":{"line":24,"column":7}},"line":18},"3":{"name":"(anonymous_3)","decl":{"start":{"line":27,"column":8},"end":{"line":27,"column":21}},"loc":{"start":{"line":27,"column":37},"end":{"line":27,"column":null}},"line":27},"4":{"name":"(anonymous_4)","decl":{"start":{"line":28,"column":8},"end":{"line":28,"column":26}},"loc":{"start":{"line":28,"column":42},"end":{"line":28,"column":null}},"line":28},"5":{"name":"(anonymous_5)","decl":{"start":{"line":30,"column":8},"end":{"line":30,"column":21}},"loc":{"start":{"line":30,"column":37},"end":{"line":37,"column":null}},"line":30},"6":{"name":"(anonymous_6)","decl":{"start":{"line":31,"column":4},"end":{"line":31,"column":21}},"loc":{"start":{"line":31,"column":30},"end":{"line":36,"column":7}},"line":31},"7":{"name":"(anonymous_7)","decl":{"start":{"line":39,"column":8},"end":{"line":39,"column":24}},"loc":{"start":{"line":39,"column":48},"end":{"line":46,"column":null}},"line":39},"8":{"name":"(anonymous_8)","decl":{"start":{"line":40,"column":4},"end":{"line":40,"column":21}},"loc":{"start":{"line":40,"column":30},"end":{"line":45,"column":7}},"line":40},"9":{"name":"(anonymous_9)","decl":{"start":{"line":48,"column":8},"end":{"line":48,"column":23}},"loc":{"start":{"line":48,"column":48},"end":{"line":54,"column":null}},"line":48},"10":{"name":"(anonymous_10)","decl":{"start":{"line":49,"column":4},"end":{"line":49,"column":21}},"loc":{"start":{"line":49,"column":30},"end":{"line":53,"column":7}},"line":49},"11":{"name":"(anonymous_11)","decl":{"start":{"line":56,"column":8},"end":{"line":56,"column":19}},"loc":{"start":{"line":56,"column":35},"end":{"line":63,"column":null}},"line":56},"12":{"name":"(anonymous_12)","decl":{"start":{"line":57,"column":4},"end":{"line":57,"column":21}},"loc":{"start":{"line":57,"column":30},"end":{"line":62,"column":7}},"line":57},"13":{"name":"(anonymous_13)","decl":{"start":{"line":65,"column":8},"end":{"line":65,"column":29}},"loc":{"start":{"line":65,"column":29},"end":{"line":73,"column":null}},"line":65},"14":{"name":"(anonymous_14)","decl":{"start":{"line":66,"column":4},"end":{"line":66,"column":21}},"loc":{"start":{"line":66,"column":30},"end":{"line":72,"column":7}},"line":66}},"branchMap":{"0":{"loc":{"start":{"line":8,"column":17},"end":{"line":8,"column":null}},"type":"binary-expr","locations":[{"start":{"line":8,"column":17},"end":{"line":8,"column":47}},{"start":{"line":8,"column":47},"end":{"line":8,"column":null}}],"line":8},"1":{"loc":{"start":{"line":9,"column":22},"end":{"line":9,"column":null}},"type":"binary-expr","locations":[{"start":{"line":9,"column":22},"end":{"line":9,"column":49}},{"start":{"line":9,"column":49},"end":{"line":9,"column":null}}],"line":9},"2":{"loc":{"start":{"line":10,"column":17},"end":{"line":10,"column":null}},"type":"binary-expr","locations":[{"start":{"line":10,"column":17},"end":{"line":10,"column":47}},{"start":{"line":10,"column":47},"end":{"line":10,"column":null}}],"line":10},"3":{"loc":{"start":{"line":11,"column":21},"end":{"line":11,"column":null}},"type":"binary-expr","locations":[{"start":{"line":11,"column":21},"end":{"line":11,"column":73}},{"start":{"line":11,"column":73},"end":{"line":11,"column":null}}],"line":11},"4":{"loc":{"start":{"line":12,"column":20},"end":{"line":12,"column":null}},"type":"binary-expr","locations":[{"start":{"line":12,"column":20},"end":{"line":12,"column":72}},{"start":{"line":12,"column":72},"end":{"line":12,"column":null}}],"line":12},"5":{"loc":{"start":{"line":13,"column":34},"end":{"line":13,"column":65}},"type":"binary-expr","locations":[{"start":{"line":13,"column":34},"end":{"line":13,"column":62}},{"start":{"line":13,"column":62},"end":{"line":13,"column":65}}],"line":13},"6":{"loc":{"start":{"line":17,"column":46},"end":{"line":17,"column":68}},"type":"default-arg","locations":[{"start":{"line":17,"column":58},"end":{"line":17,"column":68}}],"line":17},"7":{"loc":{"start":{"line":20,"column":6},"end":{"line":21,"column":null}},"type":"if","locations":[{"start":{"line":20,"column":6},"end":{"line":21,"column":null}},{"start":{"line":21,"column":11},"end":{"line":21,"column":null}}],"line":20},"8":{"loc":{"start":{"line":22,"column":6},"end":{"line":22,"column":null}},"type":"if","locations":[{"start":{"line":22,"column":6},"end":{"line":22,"column":null}},{"start":{},"end":{}}],"line":22},"9":{"loc":{"start":{"line":59,"column":6},"end":{"line":60,"column":null}},"type":"if","locations":[{"start":{"line":59,"column":6},"end":{"line":60,"column":null}},{"start":{"line":60,"column":11},"end":{"line":60,"column":null}}],"line":59},"10":{"loc":{"start":{"line":75,"column":21},"end":{"line":75,"column":null}},"type":"binary-expr","locations":[{"start":{"line":75,"column":21},"end":{"line":75,"column":38}},{"start":{"line":75,"column":38},"end":{"line":75,"column":null}}],"line":75}},"s":{"0":1,"1":3,"2":3,"3":3,"4":3,"5":3,"6":3,"7":3,"8":3,"9":3,"10":2,"11":2,"12":2,"13":2,"14":0,"15":2,"16":2,"17":2,"18":3,"19":1,"20":3,"21":1,"22":3,"23":1,"24":1,"25":1,"26":1,"27":1,"28":3,"29":1,"30":1,"31":1,"32":1,"33":1,"34":3,"35":1,"36":1,"37":1,"38":1,"39":3,"40":0,"41":0,"42":0,"43":0,"44":0,"45":0,"46":3,"47":1,"48":1,"49":1,"50":1,"51":1,"52":1,"53":3,"54":3},"f":{"0":3,"1":2,"2":2,"3":1,"4":1,"5":1,"6":1,"7":1,"8":1,"9":1,"10":1,"11":0,"12":0,"13":1,"14":1},"b":{"0":[3,2],"1":[3,2],"2":[3,1],"3":[3,1],"4":[3,1],"5":[3,3],"6":[2],"7":[2,0],"8":[2,0],"9":[0,0],"10":[3,2]},"meta":{"lastBranch":11,"lastFunction":15,"lastStatement":55,"seen":{"s:3:18:3:Infinity":0,"f:5:16:5:34":0,"s:6:42:6:Infinity":1,"s:8:17:8:Infinity":2,"b:8:17:8:47:8:47:8:Infinity":0,"s:9:22:9:Infinity":3,"b:9:22:9:49:9:49:9:Infinity":1,"s:10:17:10:Infinity":4,"b:10:17:10:47:10:47:10:Infinity":2,"s:11:21:11:Infinity":5,"b:11:21:11:73:11:73:11:Infinity":3,"s:12:20:12:Infinity":6,"b:12:20:12:72:12:72:12:Infinity":4,"s:13:15:13:Infinity":7,"b:13:34:13:62:13:62:13:65":5,"s:14:16:14:Infinity":8,"s:17:8:25:Infinity":9,"f:17:8:17:20":1,"b:17:58:17:68":6,"s:18:4:24:Infinity":10,"f:18:4:18:21":2,"s:19:19:19:Infinity":11,"b:20:6:21:Infinity:21:11:21:Infinity":7,"s:20:6:21:Infinity":12,"s:20:15:20:Infinity":13,"s:21:11:21:Infinity":14,"b:22:6:22:Infinity:undefined:undefined:undefined:undefined":8,"s:22:6:22:Infinity":15,"s:22:21:22:Infinity":16,"s:23:6:23:Infinity":17,"s:27:8:27:Infinity":18,"f:27:8:27:21":3,"s:27:37:27:Infinity":19,"s:28:8:28:Infinity":20,"f:28:8:28:26":4,"s:28:42:28:Infinity":21,"s:30:8:37:Infinity":22,"f:30:8:30:21":5,"s:31:4:36:Infinity":23,"f:31:4:31:21":6,"s:32:19:32:Infinity":24,"s:33:6:33:Infinity":25,"s:34:6:34:Infinity":26,"s:35:6:35:Infinity":27,"s:39:8:46:Infinity":28,"f:39:8:39:24":7,"s:40:4:45:Infinity":29,"f:40:4:40:21":8,"s:41:19:41:Infinity":30,"s:42:6:42:Infinity":31,"s:43:6:43:Infinity":32,"s:44:6:44:Infinity":33,"s:48:8:54:Infinity":34,"f:48:8:48:23":9,"s:49:4:53:Infinity":35,"f:49:4:49:21":10,"s:50:19:50:Infinity":36,"s:51:6:51:Infinity":37,"s:52:6:52:Infinity":38,"s:56:8:63:Infinity":39,"f:56:8:56:19":11,"s:57:4:62:Infinity":40,"f:57:4:57:21":12,"s:58:19:58:Infinity":41,"b:59:6:60:Infinity:60:11:60:Infinity":9,"s:59:6:60:Infinity":42,"s:59:20:59:Infinity":43,"s:60:11:60:Infinity":44,"s:61:6:61:Infinity":45,"s:65:8:73:Infinity":46,"f:65:8:65:29":13,"s:66:4:72:Infinity":47,"f:66:4:66:21":14,"s:67:19:67:Infinity":48,"s:68:6:68:Infinity":49,"s:69:6:69:Infinity":50,"s:70:6:70:Infinity":51,"s:71:6:71:Infinity":52,"s:75:21:75:Infinity":53,"b:75:21:75:38:75:38:75:Infinity":10,"s:77:2:93:Infinity":54},"fnNames":{}}}
,"/Users/sagarpansare/Documents/notes-app/frontend/src/services/note-api.ts": {"path":"/Users/sagarpansare/Documents/notes-app/frontend/src/services/note-api.ts","statementMap":{"0":{"start":{"line":14,"column":19},"end":{"line":14,"column":null}},"1":{"start":{"line":15,"column":17},"end":{"line":15,"column":null}},"2":{"start":{"line":16,"column":2},"end":{"line":23,"column":null}},"3":{"start":{"line":17,"column":4},"end":{"line":22,"column":null}},"4":{"start":{"line":24,"column":16},"end":{"line":24,"column":null}},"5":{"start":{"line":25,"column":2},"end":{"line":30,"column":null}},"6":{"start":{"line":34,"column":19},"end":{"line":34,"column":null}},"7":{"start":{"line":35,"column":2},"end":{"line":35,"column":null}},"8":{"start":{"line":39,"column":19},"end":{"line":39,"column":null}},"9":{"start":{"line":40,"column":2},"end":{"line":40,"column":null}},"10":{"start":{"line":44,"column":19},"end":{"line":44,"column":null}},"11":{"start":{"line":45,"column":2},"end":{"line":45,"column":null}},"12":{"start":{"line":49,"column":2},"end":{"line":49,"column":null}},"13":{"start":{"line":53,"column":19},"end":{"line":53,"column":null}},"14":{"start":{"line":54,"column":2},"end":{"line":54,"column":null}},"15":{"start":{"line":58,"column":2},"end":{"line":58,"column":null}},"16":{"start":{"line":62,"column":2},"end":{"line":62,"column":null}},"17":{"start":{"line":66,"column":2},"end":{"line":66,"column":null}},"18":{"start":{"line":70,"column":19},"end":{"line":70,"column":null}},"19":{"start":{"line":71,"column":2},"end":{"line":71,"column":null}},"20":{"start":{"line":72,"column":19},"end":{"line":80,"column":null}},"21":{"start":{"line":81,"column":2},"end":{"line":81,"column":null}},"22":{"start":{"line":85,"column":19},"end":{"line":88,"column":null}},"23":{"start":{"line":89,"column":2},"end":{"line":89,"column":null}}},"fnMap":{"0":{"name":"getNotes","decl":{"start":{"line":13,"column":22},"end":{"line":13,"column":31}},"loc":{"start":{"line":13,"column":81},"end":{"line":31,"column":null}},"line":13},"1":{"name":"getTags","decl":{"start":{"line":33,"column":22},"end":{"line":33,"column":48}},"loc":{"start":{"line":33,"column":48},"end":{"line":36,"column":null}},"line":33},"2":{"name":"createNote","decl":{"start":{"line":38,"column":22},"end":{"line":38,"column":33}},"loc":{"start":{"line":38,"column":72},"end":{"line":41,"column":null}},"line":38},"3":{"name":"updateNote","decl":{"start":{"line":43,"column":22},"end":{"line":43,"column":33}},"loc":{"start":{"line":43,"column":93},"end":{"line":46,"column":null}},"line":43},"4":{"name":"deleteNote","decl":{"start":{"line":48,"column":22},"end":{"line":48,"column":33}},"loc":{"start":{"line":48,"column":60},"end":{"line":50,"column":null}},"line":48},"5":{"name":"getTrashNotes","decl":{"start":{"line":52,"column":22},"end":{"line":52,"column":55}},"loc":{"start":{"line":52,"column":55},"end":{"line":55,"column":null}},"line":52},"6":{"name":"restoreNote","decl":{"start":{"line":57,"column":22},"end":{"line":57,"column":34}},"loc":{"start":{"line":57,"column":61},"end":{"line":59,"column":null}},"line":57},"7":{"name":"deleteNotePermanently","decl":{"start":{"line":61,"column":22},"end":{"line":61,"column":44}},"loc":{"start":{"line":61,"column":71},"end":{"line":63,"column":null}},"line":61},"8":{"name":"emptyTrash","decl":{"start":{"line":65,"column":22},"end":{"line":65,"column":50}},"loc":{"start":{"line":65,"column":50},"end":{"line":67,"column":null}},"line":65},"9":{"name":"importNotes","decl":{"start":{"line":69,"column":22},"end":{"line":69,"column":34}},"loc":{"start":{"line":69,"column":110},"end":{"line":82,"column":null}},"line":69},"10":{"name":"exportNotes","decl":{"start":{"line":84,"column":22},"end":{"line":84,"column":34}},"loc":{"start":{"line":84,"column":78},"end":{"line":90,"column":null}},"line":84}},"branchMap":{"0":{"loc":{"start":{"line":16,"column":2},"end":{"line":23,"column":null}},"type":"if","locations":[{"start":{"line":16,"column":2},"end":{"line":23,"column":null}},{"start":{},"end":{}}],"line":16},"1":{"loc":{"start":{"line":16,"column":6},"end":{"line":16,"column":64}},"type":"binary-expr","locations":[{"start":{"line":16,"column":6},"end":{"line":16,"column":16}},{"start":{"line":16,"column":16},"end":{"line":16,"column":36}},{"start":{"line":16,"column":36},"end":{"line":16,"column":64}}],"line":16},"2":{"loc":{"start":{"line":24,"column":16},"end":{"line":24,"column":null}},"type":"cond-expr","locations":[{"start":{"line":24,"column":40},"end":{"line":24,"column":49}},{"start":{"line":24,"column":49},"end":{"line":24,"column":null}}],"line":24},"3":{"loc":{"start":{"line":35,"column":9},"end":{"line":35,"column":null}},"type":"binary-expr","locations":[{"start":{"line":35,"column":9},"end":{"line":35,"column":31}},{"start":{"line":35,"column":31},"end":{"line":35,"column":null}}],"line":35},"4":{"loc":{"start":{"line":54,"column":9},"end":{"line":54,"column":null}},"type":"binary-expr","locations":[{"start":{"line":54,"column":9},"end":{"line":54,"column":31}},{"start":{"line":54,"column":31},"end":{"line":54,"column":null}}],"line":54}},"s":{"0":1,"1":1,"2":1,"3":0,"4":3,"5":0,"6":2,"7":2,"8":1,"9":1,"10":0,"11":0,"12":1,"13":1,"14":1,"15":1,"16":1,"17":1,"18":1,"19":1,"20":1,"21":1,"22":1,"23":1},"f":{"0":1,"1":2,"2":1,"3":0,"4":1,"5":1,"6":1,"7":1,"8":1,"9":1,"10":1},"b":{"0":[0,1],"1":[1,3,2],"2":[1,2],"3":[2,1],"4":[1,0]},"meta":{"lastBranch":5,"lastFunction":11,"lastStatement":24,"seen":{"f:13:22:13:31":0,"s:14:19:14:Infinity":0,"s:15:17:15:Infinity":1,"b:16:2:23:Infinity:undefined:undefined:undefined:undefined":0,"s:16:2:23:Infinity":2,"b:16:6:16:16:16:16:16:36:16:36:16:64":1,"s:17:4:22:Infinity":3,"s:24:16:24:Infinity":4,"b:24:40:24:49:24:49:24:Infinity":2,"s:25:2:30:Infinity":5,"f:33:22:33:48":1,"s:34:19:34:Infinity":6,"s:35:2:35:Infinity":7,"b:35:9:35:31:35:31:35:Infinity":3,"f:38:22:38:33":2,"s:39:19:39:Infinity":8,"s:40:2:40:Infinity":9,"f:43:22:43:33":3,"s:44:19:44:Infinity":10,"s:45:2:45:Infinity":11,"f:48:22:48:33":4,"s:49:2:49:Infinity":12,"f:52:22:52:55":5,"s:53:19:53:Infinity":13,"s:54:2:54:Infinity":14,"b:54:9:54:31:54:31:54:Infinity":4,"f:57:22:57:34":6,"s:58:2:58:Infinity":15,"f:61:22:61:44":7,"s:62:2:62:Infinity":16,"f:65:22:65:50":8,"s:66:2:66:Infinity":17,"f:69:22:69:34":9,"s:70:19:70:Infinity":18,"s:71:2:71:Infinity":19,"s:72:19:80:Infinity":20,"s:81:2:81:Infinity":21,"f:84:22:84:34":10,"s:85:19:88:Infinity":22,"s:89:2:89:Infinity":23},"fnNames":{}}}
}
